#
# A fatal error has been detected by the Java Runtime Environment:
#
#  SIGSEGV (0xb) at pc=0x00007fff8aa90b73, pid=1107, tid=59651
#
# JRE version: Java(TM) SE Runtime Environment (8.0_60-b27) (build 1.8.0_60-b27)
# Java VM: Java HotSpot(TM) 64-Bit Server VM (25.60-b23 mixed mode bsd-amd64 compressed oops)
# Problematic frame:
# C  [libobjc.A.dylib+0x9b73]  weak_register_no_lock+0x40
#
# Failed to write core dump. Core dumps have been disabled. To enable core dumping, try "ulimit -c unlimited" before starting Java again
#
# If you would like to submit a bug report, please visit:
#   http://bugreport.java.com/bugreport/crash.jsp
# The crash happened outside the Java Virtual Machine in native code.
# See problematic frame for where to report the bug.
#

---------------  T H R E A D  ---------------

Current thread (0x00007fdb8aaed000):  JavaThread "AWT-EventQueue-0" [_thread_in_native, id=59651, stack(0x000000012a192000,0x000000012a292000)]

siginfo: si_signo: 11 (SIGSEGV), si_code: 0 (unknown), si_addr: 0x0000000000000000

Registers:
RAX=0x7000000000000000, RBX=0x00007fdb8ed00800, RCX=0x000000000000e903, RDX=0x00007fdb8fc38e88
RSP=0x000000012a28b170, RBP=0x000000012a28b1d0, RSI=0x00007fdb8ed00800, RDI=0x00007fff71d530a8
R8 =0x00000000000003ff, R9 =0x00007fdb8ed00800, R10=0x00007fdb91258170, R11=0x0000000000000005
R12=0x00007fff7198c070, R13=0x00007fff71d52e80, R14=0x00007fff71d530a8, R15=0x00007fdb8fc38e88
RIP=0x00007fff8aa90b73, EFLAGS=0x0000000000010246, ERR=0x0000000000000000
  TRAPNO=0x000000000000000d

Top of Stack: (sp=0x000000012a28b170)
0x000000012a28b170:   4018000000000000 402e000000000000
0x000000012a28b180:   0000000000000000 0000000000000001
0x000000012a28b190:   000000012a28b1d0 00007fff8f1e1dd2
0x000000012a28b1a0:   9a009a80fa081c72 00007fff71d52e80
0x000000012a28b1b0:   0000000000000000 00007fff71d52e80
0x000000012a28b1c0:   00007fdb8fc38e88 00007fff71d53080
0x000000012a28b1d0:   000000012a28b230 00007fff8aa90ac7
0x000000012a28b1e0:   0000000000000210 00007fdb8ed00800
0x000000012a28b1f0:   0000000000000200 00007fdb8fc38e88
0x000000012a28b200:   0000000000000000 0000000000000000
0x000000012a28b210:   0000000000000000 0000000f00000014
0x000000012a28b220:   00007fdb8ed00800 00007fdb8fc38e50
0x000000012a28b230:   000000012a28b310 00007fff8491f83a
0x000000012a28b240:   0000000000001001 000000010346d400
0x000000012a28b250:   4018000000000000 00007fff871c4bec
0x000000012a28b260:   00000000ff000000 0000000103469000
0x000000012a28b270:   0000000000000001 000000000000000e
0x000000012a28b280:   000000000000000f 00007fdb8fc38ef0
0x000000012a28b290:   0000000000000014 0000000000000000
0x000000012a28b2a0:   00007fdb8fc38410 00007fff715ee6f0
0x000000012a28b2b0:   0000000000000000 0000000000000000
0x000000012a28b2c0:   4018000000000000 402e000000000000
0x000000012a28b2d0:   0000000103499000 0000000000000000
0x000000012a28b2e0:   9a009a80fa081c72 0000000000000000
0x000000012a28b2f0:   0000000000000000 0000000000000000
0x000000012a28b300:   0000000000000000 0000000000000001
0x000000012a28b310:   000000012a28b4b0 00007fff871f648c
0x000000012a28b320:   0000000000000000 0000000000000000
0x000000012a28b330:   4018000000000000 402e000000000000
0x000000012a28b340:   000000010346ca00 0000000000000000
0x000000012a28b350:   0000000103469000 0000000000000000
0x000000012a28b360:   0000000000000009 000000010346d400 

Instructions: (pc=0x00007fff8aa90b73)
0x00007fff8aa90b53:   e7 49 8b 04 24 48 89 45 d0 31 c0 48 85 db 0f 84
0x00007fff8aa90b63:   e0 00 00 00 f6 c3 01 0f 85 d4 00 00 00 48 8b 03
0x00007fff8aa90b73:   f6 40 20 02 74 11 48 89 df e8 21 7a 01 00 84 c0
0x00007fff8aa90b83:   74 3b e9 db 00 00 00 4c 8d 2d b7 0f 2c e7 49 8b 

Register to memory mapping:

RAX=0x7000000000000000 is an unknown value
RBX=0x00007fdb8ed00800 is an unknown value
RCX=0x000000000000e903 is an unknown value
RDX=0x00007fdb8fc38e88 is an unknown value
RSP=0x000000012a28b170 is pointing into the stack for thread: 0x00007fdb8aaed000
RBP=0x000000012a28b1d0 is pointing into the stack for thread: 0x00007fdb8aaed000
RSI=0x00007fdb8ed00800 is an unknown value
RDI=0x00007fff71d530a8: _ZN12_GLOBAL__N_19SideTable9table_bufE+0x228 in /usr/lib/libobjc.A.dylib at 0x00007fff8aa87000
R8 =0x00000000000003ff is an unknown value
R9 =0x00007fdb8ed00800 is an unknown value
R10=0x00007fdb91258170 is an unknown value
R11=0x0000000000000005 is an unknown value
R12=0x00007fff7198c070: __stack_chk_guard+0 in /usr/lib/system/libsystem_c.dylib at 0x00007fff88e0f000
R13=0x00007fff71d52e80: _ZN12_GLOBAL__N_19SideTable9table_bufE+0 in /usr/lib/libobjc.A.dylib at 0x00007fff8aa87000
R14=0x00007fff71d530a8: _ZN12_GLOBAL__N_19SideTable9table_bufE+0x228 in /usr/lib/libobjc.A.dylib at 0x00007fff8aa87000
R15=0x00007fdb8fc38e88 is an unknown value


Stack: [0x000000012a192000,0x000000012a292000],  sp=0x000000012a28b170,  free space=996k
Native frames: (J=compiled Java code, j=interpreted, Vv=VM code, C=native code)
C  [libobjc.A.dylib+0x9b73]  weak_register_no_lock+0x40
C  [libobjc.A.dylib+0x9ac7]  objc_storeWeak+0xe9
C  [CoreUI+0xb683a]  csiCompressImageProviderCopyImageBlockSetWithOptions+0x3f0
C  [CoreGraphics+0x3648c]  img_blocks_create+0x23e
C  [CoreGraphics+0x24fa2]  img_data_lock+0x819
C  [CoreGraphics+0x23806]  CGSImageDataLock+0x97
C  [libRIP.A.dylib+0xda52]  ripc_AcquireImage+0x38a
C  [libRIP.A.dylib+0x16eb7]  ripc_DrawImages+0x1be5
C  [CoreGraphics+0x6db67]  CGContextDrawImages+0xd2
C  [CoreUI+0x99667]  DrawThreePartImageWithOperation+0xa00
C  [CoreUI+0x98c58]  DrawThreePartElementFromRenditionWithOperation+0xe9
C  [CoreUI+0xa0ac8]  -[CUIThemeFacet _drawSpecificRenditionKey:rendition:inFrame:context:alpha:operation:isFocused:isFlipped:]+0x11f
C  [CoreUI+0xa099a]  -[CUIThemeFacet _drawSpecificRenditionKey:inFrame:context:alpha:operation:isFocused:isFlipped:]+0xd0
C  [CoreUI+0x9ed80]  -[CUIThemeFacet drawInFrame:alpha:operation:isFocused:context:]+0xa0
C  [CoreUI+0x3abf9]  CUICoreThemeRenderer::DrawScrollBar(CUIDescriptor const*, signed char)+0x41f
C  [CoreUI+0x360aa]  CUICoreThemeRenderer::Draw(CUIDescriptor const*, CGAffineTransform, CUIReturnInfo&)+0x396
C  [CoreUI+0x9391]  CUIRenderer::Draw(CGRect, CGContext*, __CFDictionary const*, __CFDictionary const**)+0x8e3
C  [CoreUI+0x45d6e]  CUIDraw+0xd9
C  [JavaRuntimeSupport+0x3cec]  -[_JRSYosemiteAndLaterRenderer draw:inContext:withBounds:]+0x144
C  [JavaRuntimeSupport+0x3866]  JRSUIControlDraw+0x3d
C  [libosxui.dylib+0x2628]  doPaintImage+0x15e
C  [libosxui.dylib+0x274b]  Java_apple_laf_JRSUIControl_paintChangesImage+0xe7
j  apple.laf.JRSUIControl.paintChangesImage([IIIJJJDDDDJ)I+0
j  apple.laf.JRSUIControl.paintImage([IIIDDDD)I+86
j  apple.laf.JRSUIControl.paint([IIIDDDD)V+12
j  com.apple.laf.AquaPainter$AquaSingleImagePainter.createImage(IIIILjava/awt/Rectangle;Lapple/laf/JRSUIControl;Lapple/laf/JRSUIState;)Ljava/awt/Image;+74
J 3224 C2 sun.awt.image.MultiResolutionCachedImage.getResolutionVariant(II)Ljava/awt/Image; (71 bytes) @ 0x000000010588b6b8 [0x000000010588b2c0+0x3f8]
J 1832 C1 sun.awt.image.MultiResolutionCachedImage.getWidth(Ljava/awt/image/ImageObserver;)I (12 bytes) @ 0x00000001054382bc [0x00000001054380e0+0x1dc]
J 2787 C1 sun.java2d.SunGraphics2D.drawImage(Ljava/awt/Image;IIIILjava/awt/Color;Ljava/awt/image/ImageObserver;)Z (197 bytes) @ 0x000000010571a174 [0x0000000105719f80+0x1f4]
J 2786 C1 sun.java2d.SunGraphics2D.drawImage(Ljava/awt/Image;IIIILjava/awt/image/ImageObserver;)Z (15 bytes) @ 0x0000000105599ccc [0x0000000105599b80+0x14c]
J 2686 C1 com.apple.laf.AquaPainter$AquaSingleImagePainter.paintFromSingleCachedImage(Ljava/awt/Graphics2D;Lapple/laf/JRSUIControl;Lapple/laf/JRSUIState;Ljava/awt/Rectangle;)V (174 bytes) @ 0x00000001056e3124 [0x00000001056e1c20+0x1504]
J 2685 C1 com.apple.laf.AquaPainter$AquaSingleImagePainter.paint(Ljava/awt/Graphics2D;Lapple/laf/JRSUIState;)V (14 bytes) @ 0x00000001056dfaa4 [0x00000001056dfa00+0xa4]
J 2555 C1 com.apple.laf.AquaPainter.paint(Ljava/awt/Graphics;Ljava/awt/Component;IIII)V (50 bytes) @ 0x0000000105671214 [0x0000000105670c40+0x5d4]
J 3230 C1 com.apple.laf.AquaScrollBarUI.paint(Ljava/awt/Graphics;Ljavax/swing/JComponent;)V (31 bytes) @ 0x0000000105890ccc [0x00000001058909a0+0x32c]
J 1787 C1 javax.swing.plaf.ComponentUI.update(Ljava/awt/Graphics;Ljavax/swing/JComponent;)V (36 bytes) @ 0x0000000105424c84 [0x0000000105424520+0x764]
J 1692 C1 javax.swing.JComponent.paintComponent(Ljava/awt/Graphics;)V (44 bytes) @ 0x00000001052809b4 [0x0000000105280740+0x274]
J 1391 C1 javax.swing.JComponent.paint(Ljava/awt/Graphics;)V (409 bytes) @ 0x00000001052fe0c4 [0x00000001052fc500+0x1bc4]
J 3234 C1 javax.swing.JComponent.print(Ljava/awt/Graphics;)V (57 bytes) @ 0x000000010588f6bc [0x000000010588f460+0x25c]
J 2862 C1 sun.lwawt.LWComponentPeer.paintPeer(Ljava/awt/Graphics;)V (54 bytes) @ 0x0000000105758214 [0x00000001057577a0+0xa74]
J 2861 C1 sun.lwawt.LWRepaintArea.paintComponent(Ljava/awt/Component;Ljava/awt/Graphics;)V (36 bytes) @ 0x00000001057641f4 [0x0000000105763d80+0x474]
J 1918 C1 sun.awt.RepaintArea.paint(Ljava/lang/Object;Z)V (354 bytes) @ 0x000000010546ccd4 [0x000000010546b8e0+0x13f4]
J 1718 C1 sun.lwawt.LWComponentPeer.handleEvent(Ljava/awt/AWTEvent;)V (104 bytes) @ 0x0000000105271c3c [0x0000000105271580+0x6bc]
J 1085 C1 java.awt.Component.dispatchEventImpl(Ljava/awt/AWTEvent;)V (883 bytes) @ 0x000000010524c104 [0x0000000105244b20+0x75e4]
J 3186 C2 java.awt.EventQueue$3.run()Ljava/lang/Object; (5 bytes) @ 0x000000010586a1f0 [0x0000000105869de0+0x410]
v  ~StubRoutines::call_stub
V  [libjvm.dylib+0x2eab0e]  JavaCalls::call_helper(JavaValue*, methodHandle*, JavaCallArguments*, Thread*)+0x6ae
V  [libjvm.dylib+0x34afd8]  JVM_DoPrivileged+0x4b8
J 1093  java.security.AccessController.doPrivileged(Ljava/security/PrivilegedAction;Ljava/security/AccessControlContext;)Ljava/lang/Object; (0 bytes) @ 0x00000001052536d5 [0x0000000105253600+0xd5]
J 1112 C1 java.awt.EventQueue$4.run()Ljava/lang/Object; (5 bytes) @ 0x0000000105263fa4 [0x0000000105263b60+0x444]
v  ~StubRoutines::call_stub
V  [libjvm.dylib+0x2eab0e]  JavaCalls::call_helper(JavaValue*, methodHandle*, JavaCallArguments*, Thread*)+0x6ae
V  [libjvm.dylib+0x34afd8]  JVM_DoPrivileged+0x4b8
J 1093  java.security.AccessController.doPrivileged(Ljava/security/PrivilegedAction;Ljava/security/AccessControlContext;)Ljava/lang/Object; (0 bytes) @ 0x00000001052536d5 [0x0000000105253600+0xd5]
J 1099 C1 java.awt.EventQueue.dispatchEvent(Ljava/awt/AWTEvent;)V (80 bytes) @ 0x000000010525931c [0x0000000105258440+0xedc]
J 1106 C1 java.awt.EventDispatchThread.pumpOneEventForFilters(I)V (295 bytes) @ 0x000000010525ef94 [0x000000010525d360+0x1c34]
j  java.awt.EventDispatchThread.pumpEventsForFilter(ILjava/awt/Conditional;Ljava/awt/EventFilter;)V+35
j  java.awt.EventDispatchThread.pumpEventsForHierarchy(ILjava/awt/Conditional;Ljava/awt/Component;)V+11
j  java.awt.EventDispatchThread.pumpEvents(ILjava/awt/Conditional;)V+4
j  java.awt.EventDispatchThread.pumpEvents(Ljava/awt/Conditional;)V+3
j  java.awt.EventDispatchThread.run()V+9
v  ~StubRoutines::call_stub
V  [libjvm.dylib+0x2eab0e]  JavaCalls::call_helper(JavaValue*, methodHandle*, JavaCallArguments*, Thread*)+0x6ae
V  [libjvm.dylib+0x2eb29c]  JavaCalls::call_virtual(JavaValue*, KlassHandle, Symbol*, Symbol*, JavaCallArguments*, Thread*)+0x164
V  [libjvm.dylib+0x2eb448]  JavaCalls::call_virtual(JavaValue*, Handle, KlassHandle, Symbol*, Symbol*, Thread*)+0x4a
V  [libjvm.dylib+0x345965]  thread_entry(JavaThread*, Thread*)+0x7c
V  [libjvm.dylib+0x5612d3]  JavaThread::thread_main_inner()+0x9b
V  [libjvm.dylib+0x5629ce]  JavaThread::run()+0x1c2
V  [libjvm.dylib+0x48343a]  java_start(Thread*)+0xf6
C  [libsystem_pthread.dylib+0x405a]  _pthread_body+0x83
C  [libsystem_pthread.dylib+0x3fd7]  _pthread_body+0x0
C  [libsystem_pthread.dylib+0x13ed]  thread_start+0xd
C  0x0000000000000000

Java frames: (J=compiled Java code, j=interpreted, Vv=VM code)
j  apple.laf.JRSUIControl.paintChangesImage([IIIJJJDDDDJ)I+0
j  apple.laf.JRSUIControl.paintImage([IIIDDDD)I+86
j  apple.laf.JRSUIControl.paint([IIIDDDD)V+12
j  com.apple.laf.AquaPainter$AquaSingleImagePainter.createImage(IIIILjava/awt/Rectangle;Lapple/laf/JRSUIControl;Lapple/laf/JRSUIState;)Ljava/awt/Image;+74
J 3224 C2 sun.awt.image.MultiResolutionCachedImage.getResolutionVariant(II)Ljava/awt/Image; (71 bytes) @ 0x000000010588b6b8 [0x000000010588b2c0+0x3f8]
J 1832 C1 sun.awt.image.MultiResolutionCachedImage.getWidth(Ljava/awt/image/ImageObserver;)I (12 bytes) @ 0x00000001054382bc [0x00000001054380e0+0x1dc]
J 2787 C1 sun.java2d.SunGraphics2D.drawImage(Ljava/awt/Image;IIIILjava/awt/Color;Ljava/awt/image/ImageObserver;)Z (197 bytes) @ 0x000000010571a174 [0x0000000105719f80+0x1f4]
J 2786 C1 sun.java2d.SunGraphics2D.drawImage(Ljava/awt/Image;IIIILjava/awt/image/ImageObserver;)Z (15 bytes) @ 0x0000000105599ccc [0x0000000105599b80+0x14c]
J 2686 C1 com.apple.laf.AquaPainter$AquaSingleImagePainter.paintFromSingleCachedImage(Ljava/awt/Graphics2D;Lapple/laf/JRSUIControl;Lapple/laf/JRSUIState;Ljava/awt/Rectangle;)V (174 bytes) @ 0x00000001056e3124 [0x00000001056e1c20+0x1504]
J 2685 C1 com.apple.laf.AquaPainter$AquaSingleImagePainter.paint(Ljava/awt/Graphics2D;Lapple/laf/JRSUIState;)V (14 bytes) @ 0x00000001056dfaa4 [0x00000001056dfa00+0xa4]
J 2555 C1 com.apple.laf.AquaPainter.paint(Ljava/awt/Graphics;Ljava/awt/Component;IIII)V (50 bytes) @ 0x0000000105671214 [0x0000000105670c40+0x5d4]
J 3230 C1 com.apple.laf.AquaScrollBarUI.paint(Ljava/awt/Graphics;Ljavax/swing/JComponent;)V (31 bytes) @ 0x0000000105890ccc [0x00000001058909a0+0x32c]
J 1787 C1 javax.swing.plaf.ComponentUI.update(Ljava/awt/Graphics;Ljavax/swing/JComponent;)V (36 bytes) @ 0x0000000105424c84 [0x0000000105424520+0x764]
J 1692 C1 javax.swing.JComponent.paintComponent(Ljava/awt/Graphics;)V (44 bytes) @ 0x00000001052809b4 [0x0000000105280740+0x274]
J 1391 C1 javax.swing.JComponent.paint(Ljava/awt/Graphics;)V (409 bytes) @ 0x00000001052fe0c4 [0x00000001052fc500+0x1bc4]
J 3234 C1 javax.swing.JComponent.print(Ljava/awt/Graphics;)V (57 bytes) @ 0x000000010588f6bc [0x000000010588f460+0x25c]
J 2862 C1 sun.lwawt.LWComponentPeer.paintPeer(Ljava/awt/Graphics;)V (54 bytes) @ 0x0000000105758214 [0x00000001057577a0+0xa74]
J 2861 C1 sun.lwawt.LWRepaintArea.paintComponent(Ljava/awt/Component;Ljava/awt/Graphics;)V (36 bytes) @ 0x00000001057641f4 [0x0000000105763d80+0x474]
J 1918 C1 sun.awt.RepaintArea.paint(Ljava/lang/Object;Z)V (354 bytes) @ 0x000000010546ccd4 [0x000000010546b8e0+0x13f4]
J 1718 C1 sun.lwawt.LWComponentPeer.handleEvent(Ljava/awt/AWTEvent;)V (104 bytes) @ 0x0000000105271c3c [0x0000000105271580+0x6bc]
J 1085 C1 java.awt.Component.dispatchEventImpl(Ljava/awt/AWTEvent;)V (883 bytes) @ 0x000000010524c104 [0x0000000105244b20+0x75e4]
J 3186 C2 java.awt.EventQueue$3.run()Ljava/lang/Object; (5 bytes) @ 0x000000010586a1f0 [0x0000000105869de0+0x410]
v  ~StubRoutines::call_stub
J 1093  java.security.AccessController.doPrivileged(Ljava/security/PrivilegedAction;Ljava/security/AccessControlContext;)Ljava/lang/Object; (0 bytes) @ 0x0000000105253663 [0x0000000105253600+0x63]
J 1112 C1 java.awt.EventQueue$4.run()Ljava/lang/Object; (5 bytes) @ 0x0000000105263fa4 [0x0000000105263b60+0x444]
v  ~StubRoutines::call_stub
J 1093  java.security.AccessController.doPrivileged(Ljava/security/PrivilegedAction;Ljava/security/AccessControlContext;)Ljava/lang/Object; (0 bytes) @ 0x0000000105253663 [0x0000000105253600+0x63]
J 1099 C1 java.awt.EventQueue.dispatchEvent(Ljava/awt/AWTEvent;)V (80 bytes) @ 0x000000010525931c [0x0000000105258440+0xedc]
J 1106 C1 java.awt.EventDispatchThread.pumpOneEventForFilters(I)V (295 bytes) @ 0x000000010525ef94 [0x000000010525d360+0x1c34]
j  java.awt.EventDispatchThread.pumpEventsForFilter(ILjava/awt/Conditional;Ljava/awt/EventFilter;)V+35
j  java.awt.EventDispatchThread.pumpEventsForHierarchy(ILjava/awt/Conditional;Ljava/awt/Component;)V+11
j  java.awt.EventDispatchThread.pumpEvents(ILjava/awt/Conditional;)V+4
j  java.awt.EventDispatchThread.pumpEvents(Ljava/awt/Conditional;)V+3
j  java.awt.EventDispatchThread.run()V+9
v  ~StubRoutines::call_stub

---------------  P R O C E S S  ---------------

Java Threads: ( => current thread )
  0x00007fdb8ad9c800 JavaThread "Start Animation [\]" [_thread_blocked, id=100035, stack(0x000000018c382000,0x000000018c482000)]
  0x00007fdb91902800 JavaThread "zSelector" [_thread_blocked, id=108831, stack(0x000000018d4f6000,0x000000018d5f6000)]
  0x00007fdb91051000 JavaThread "Tag Manager" [_thread_blocked, id=107791, stack(0x0000000192728000,0x0000000192828000)]
  0x00007fdb8a066800 JavaThread "zSelector" [_thread_blocked, id=100707, stack(0x000000018bbf2000,0x000000018bcf2000)]
  0x00007fdb89a5f000 JavaThread "Tag Manager" [_thread_blocked, id=64283, stack(0x000000018c5fa000,0x000000018c6fa000)]
  0x00007fdb8b4bc800 JavaThread "TimerQueue" daemon [_thread_blocked, id=93203, stack(0x000000018e9bb000,0x000000018eabb000)]
  0x00007fdb8aab8800 JavaThread "DestroyJavaVM" [_thread_blocked, id=4867, stack(0x0000000104d8a000,0x0000000104e8a000)]
=>0x00007fdb8aaed000 JavaThread "AWT-EventQueue-0" [_thread_in_native, id=59651, stack(0x000000012a192000,0x000000012a292000)]
  0x00007fdb8b151800 JavaThread "Java2D Disposer" daemon [_thread_blocked, id=52503, stack(0x000000012818a000,0x000000012828a000)]
  0x00007fdb8b0f8000 JavaThread "Java2D Queue Flusher" daemon [_thread_blocked, id=51207, stack(0x00000001271b4000,0x00000001272b4000)]
  0x00007fdb8a147000 JavaThread "AWT-Shutdown" [_thread_blocked, id=29715, stack(0x0000000124877000,0x0000000124977000)]
  0x00007fdb8b0ba000 JavaThread "AppKit Thread" daemon [_thread_in_native, id=1299, stack(0x00007fff5bfb2000,0x00007fff5c7b2000)]
  0x00007fdb8b022000 JavaThread "Service Thread" daemon [_thread_blocked, id=19715, stack(0x00000001228eb000,0x00000001229eb000)]
  0x00007fdb8984a000 JavaThread "C1 CompilerThread2" daemon [_thread_blocked, id=19203, stack(0x00000001227e8000,0x00000001228e8000)]
  0x00007fdb89849800 JavaThread "C2 CompilerThread1" daemon [_thread_blocked, id=18691, stack(0x00000001226e5000,0x00000001227e5000)]
  0x00007fdb89847800 JavaThread "C2 CompilerThread0" daemon [_thread_blocked, id=18179, stack(0x00000001225e2000,0x00000001226e2000)]
  0x00007fdb8a84b800 JavaThread "JDWP Command Reader" daemon [_thread_in_native, id=17667, stack(0x00000001224df000,0x00000001225df000)]
  0x00007fdb89811000 JavaThread "JDWP Event Helper Thread" daemon [_thread_blocked, id=17155, stack(0x00000001223dc000,0x00000001224dc000)]
  0x00007fdb89816800 JavaThread "JDWP Transport Listener: dt_socket" daemon [_thread_blocked, id=16643, stack(0x00000001222d9000,0x00000001223d9000)]
  0x00007fdb8a831800 JavaThread "Signal Dispatcher" daemon [_thread_blocked, id=13335, stack(0x00000001221d6000,0x00000001222d6000)]
  0x00007fdb8a82d800 JavaThread "Finalizer" daemon [_thread_blocked, id=11523, stack(0x00000001207a0000,0x00000001208a0000)]
  0x00007fdb8a82d000 JavaThread "Reference Handler" daemon [_thread_blocked, id=11011, stack(0x000000012069d000,0x000000012079d000)]

Other Threads:
  0x00007fdb8b00c800 VMThread [stack: 0x000000012059a000,0x000000012069a000] [id=10499]
  0x00007fdb8a019000 WatcherThread [stack: 0x00000001229ee000,0x0000000122aee000] [id=20227]

VM state:not at safepoint (normal execution)

VM Mutex/Monitor currently owned by a thread: None

Heap:
 PSYoungGen      total 1521152K, used 518924K [0x0000000762400000, 0x00000007c0000000, 0x00000007c0000000)
  eden space 1506304K, 34% used [0x0000000762400000,0x0000000781ec31f0,0x00000007be300000)
  from space 14848K, 0% used [0x00000007bf180000,0x00000007bf180000,0x00000007c0000000)
  to   space 14848K, 0% used [0x00000007be300000,0x00000007be300000,0x00000007bf180000)
 ParOldGen       total 175104K, used 88623K [0x00000006a6c00000, 0x00000006b1700000, 0x0000000762400000)
  object space 175104K, 50% used [0x00000006a6c00000,0x00000006ac28bf20,0x00000006b1700000)
 Metaspace       used 20755K, capacity 20976K, committed 21248K, reserved 1069056K
  class space    used 2399K, capacity 2476K, committed 2560K, reserved 1048576K

Card table byte_map: [0x0000000114255000,0x0000000114b20000] byte_map_base: 0x0000000110d1f000

Marking Bits: (ParMarkBitMap*) 0x00000001046dee20
 Begin Bits: [0x0000000115508000, 0x0000000119b58000)
 End Bits:   [0x0000000119b58000, 0x000000011e1a8000)

Polling page: 0x00000001035a7000

CodeCache: size=245760Kb used=10432Kb max_used=10441Kb free=235328Kb
 bounds [0x0000000104e95000, 0x00000001058e5000, 0x0000000113e95000]
 total_blobs=3591 nmethods=3006 adapters=503
 compilation: enabled

Compilation events (10 events):
Event: 333.224 Thread 0x00007fdb8984a000 3271       3       java.awt.MediaTracker::<init> (10 bytes)
Event: 333.224 Thread 0x00007fdb8984a000 nmethod 3271 0x00000001058acc10 code [0x00000001058acd80, 0x00000001058acf50]
Event: 333.547 Thread 0x00007fdb89847800 3272       4       sun.lwawt.LWComponentPeer::getLocationOnScreen (41 bytes)
Event: 333.551 Thread 0x00007fdb89847800 nmethod 3272 0x00000001058b1510 code [0x00000001058b16a0, 0x00000001058b1a48]
Event: 333.702 Thread 0x00007fdb8984a000 3273       1       java.awt.geom.Point2D$Double::getX (5 bytes)
Event: 333.702 Thread 0x00007fdb8984a000 nmethod 3273 0x00000001058ac950 code [0x00000001058acaa0, 0x00000001058acbb0]
Event: 333.702 Thread 0x00007fdb8984a000 3274       1       java.awt.geom.Point2D$Double::getY (5 bytes)
Event: 333.702 Thread 0x00007fdb8984a000 nmethod 3274 0x00000001058b1250 code [0x00000001058b13a0, 0x00000001058b14b0]
Event: 333.820 Thread 0x00007fdb8984a000 3275       1       sun.awt.NullComponentPeer::setFont (1 bytes)
Event: 333.820 Thread 0x00007fdb8984a000 nmethod 3275 0x00000001058b0f90 code [0x00000001058b10e0, 0x00000001058b11f0]

GC Heap History (10 events):
Event: 184.193 GC heap before
{Heap before GC invocations=11 (full 0):
 PSYoungGen      total 842240K, used 842212K [0x0000000762400000, 0x0000000796700000, 0x00000007c0000000)
  eden space 830976K, 100% used [0x0000000762400000,0x0000000794f80000,0x0000000794f80000)
  from space 11264K, 99% used [0x0000000795b00000,0x00000007965f93f0,0x0000000796600000)
  to   space 11776K, 0% used [0x0000000794f80000,0x0000000794f80000,0x0000000795b00000)
 ParOldGen       total 175104K, used 28488K [0x00000006a6c00000, 0x00000006b1700000, 0x0000000762400000)
  object space 175104K, 16% used [0x00000006a6c00000,0x00000006a87d20d0,0x00000006b1700000)
 Metaspace       used 18582K, capacity 18850K, committed 18944K, reserved 1067008K
  class space    used 2197K, capacity 2283K, committed 2304K, reserved 1048576K
Event: 184.240 GC heap after
Heap after GC invocations=11 (full 0):
 PSYoungGen      total 842752K, used 11631K [0x0000000762400000, 0x00000007b4f80000, 0x00000007c0000000)
  eden space 830976K, 0% used [0x0000000762400000,0x0000000762400000,0x0000000794f80000)
  from space 11776K, 98% used [0x0000000794f80000,0x0000000795adbc18,0x0000000795b00000)
  to   space 12800K, 0% used [0x00000007b4300000,0x00000007b4300000,0x00000007b4f80000)
 ParOldGen       total 175104K, used 40859K [0x00000006a6c00000, 0x00000006b1700000, 0x0000000762400000)
  object space 175104K, 23% used [0x00000006a6c00000,0x00000006a93e6d58,0x00000006b1700000)
 Metaspace       used 18582K, capacity 18850K, committed 18944K, reserved 1067008K
  class space    used 2197K, capacity 2283K, committed 2304K, reserved 1048576K
}
Event: 186.401 GC heap before
{Heap before GC invocations=12 (full 0):
 PSYoungGen      total 842752K, used 842607K [0x0000000762400000, 0x00000007b4f80000, 0x00000007c0000000)
  eden space 830976K, 100% used [0x0000000762400000,0x0000000794f80000,0x0000000794f80000)
  from space 11776K, 98% used [0x0000000794f80000,0x0000000795adbc18,0x0000000795b00000)
  to   space 12800K, 0% used [0x00000007b4300000,0x00000007b4300000,0x00000007b4f80000)
 ParOldGen       total 175104K, used 40859K [0x00000006a6c00000, 0x00000006b1700000, 0x0000000762400000)
  object space 175104K, 23% used [0x00000006a6c00000,0x00000006a93e6d58,0x00000006b1700000)
 Metaspace       used 18606K, capacity 18850K, committed 18944K, reserved 1067008K
  class space    used 2197K, capacity 2283K, committed 2304K, reserved 1048576K
Event: 186.435 GC heap after
Heap after GC invocations=12 (full 0):
 PSYoungGen      total 1341440K, used 12483K [0x0000000762400000, 0x00000007b5180000, 0x00000007c0000000)
  eden space 1328640K, 0% used [0x0000000762400000,0x0000000762400000,0x00000007b3580000)
  from space 12800K, 97% used [0x00000007b4300000,0x00000007b4f30c38,0x00000007b4f80000)
  to   space 13824K, 0% used [0x00000007b3580000,0x00000007b3580000,0x00000007b4300000)
 ParOldGen       total 175104K, used 59621K [0x00000006a6c00000, 0x00000006b1700000, 0x0000000762400000)
  object space 175104K, 34% used [0x00000006a6c00000,0x00000006aa639438,0x00000006b1700000)
 Metaspace       used 18606K, capacity 18850K, committed 18944K, reserved 1067008K
  class space    used 2197K, capacity 2283K, committed 2304K, reserved 1048576K
}
Event: 190.264 GC heap before
{Heap before GC invocations=13 (full 0):
 PSYoungGen      total 1341440K, used 1341123K [0x0000000762400000, 0x00000007b5180000, 0x00000007c0000000)
  eden space 1328640K, 100% used [0x0000000762400000,0x00000007b3580000,0x00000007b3580000)
  from space 12800K, 97% used [0x00000007b4300000,0x00000007b4f30c38,0x00000007b4f80000)
  to   space 13824K, 0% used [0x00000007b3580000,0x00000007b3580000,0x00000007b4300000)
 ParOldGen       total 175104K, used 59621K [0x00000006a6c00000, 0x00000006b1700000, 0x0000000762400000)
  object space 175104K, 34% used [0x00000006a6c00000,0x00000006aa639438,0x00000006b1700000)
 Metaspace       used 18627K, capacity 18850K, committed 18944K, reserved 1067008K
  class space    used 2197K, capacity 2283K, committed 2304K, reserved 1048576K
Event: 190.286 GC heap after
Heap after GC invocations=13 (full 0):
 PSYoungGen      total 1342464K, used 13793K [0x0000000762400000, 0x00000007c0000000, 0x00000007c0000000)
  eden space 1328640K, 0% used [0x0000000762400000,0x0000000762400000,0x00000007b3580000)
  from space 13824K, 99% used [0x00000007b3580000,0x00000007b42f84b0,0x00000007b4300000)
  to   space 14848K, 0% used [0x00000007bf180000,0x00000007bf180000,0x00000007c0000000)
 ParOldGen       total 175104K, used 77104K [0x00000006a6c00000, 0x00000006b1700000, 0x0000000762400000)
  object space 175104K, 44% used [0x00000006a6c00000,0x00000006ab74c2a0,0x00000006b1700000)
 Metaspace       used 18627K, capacity 18850K, committed 18944K, reserved 1067008K
  class space    used 2197K, capacity 2283K, committed 2304K, reserved 1048576K
}
Event: 315.410 GC heap before
{Heap before GC invocations=14 (full 0):
 PSYoungGen      total 1342464K, used 898341K [0x0000000762400000, 0x00000007c0000000, 0x00000007c0000000)
  eden space 1328640K, 66% used [0x0000000762400000,0x00000007983d11f0,0x00000007b3580000)
  from space 13824K, 99% used [0x00000007b3580000,0x00000007b42f84b0,0x00000007b4300000)
  to   space 14848K, 0% used [0x00000007bf180000,0x00000007bf180000,0x00000007c0000000)
 ParOldGen       total 175104K, used 77104K [0x00000006a6c00000, 0x00000006b1700000, 0x0000000762400000)
  object space 175104K, 44% used [0x00000006a6c00000,0x00000006ab74c2a0,0x00000006b1700000)
 Metaspace       used 20575K, capacity 20784K, committed 20992K, reserved 1067008K
  class space    used 2398K, capacity 2476K, committed 2560K, reserved 1048576K
Event: 315.451 GC heap after
Heap after GC invocations=14 (full 0):
 PSYoungGen      total 1521152K, used 11976K [0x0000000762400000, 0x00000007c0000000, 0x00000007c0000000)
  eden space 1506304K, 0% used [0x0000000762400000,0x0000000762400000,0x00000007be300000)
  from space 14848K, 80% used [0x00000007bf180000,0x00000007bfd32130,0x00000007c0000000)
  to   space 14848K, 0% used [0x00000007be300000,0x00000007be300000,0x00000007bf180000)
 ParOldGen       total 175104K, used 87771K [0x00000006a6c00000, 0x00000006b1700000, 0x0000000762400000)
  object space 175104K, 50% used [0x00000006a6c00000,0x00000006ac1b6e88,0x00000006b1700000)
 Metaspace       used 20575K, capacity 20784K, committed 20992K, reserved 1067008K
  class space    used 2398K, capacity 2476K, committed 2560K, reserved 1048576K
}
Event: 315.451 GC heap before
{Heap before GC invocations=15 (full 1):
 PSYoungGen      total 1521152K, used 11976K [0x0000000762400000, 0x00000007c0000000, 0x00000007c0000000)
  eden space 1506304K, 0% used [0x0000000762400000,0x0000000762400000,0x00000007be300000)
  from space 14848K, 80% used [0x00000007bf180000,0x00000007bfd32130,0x00000007c0000000)
  to   space 14848K, 0% used [0x00000007be300000,0x00000007be300000,0x00000007bf180000)
 ParOldGen       total 175104K, used 87771K [0x00000006a6c00000, 0x00000006b1700000, 0x0000000762400000)
  object space 175104K, 50% used [0x00000006a6c00000,0x00000006ac1b6e88,0x00000006b1700000)
 Metaspace       used 20575K, capacity 20784K, committed 20992K, reserved 1067008K
  class space    used 2398K, capacity 2476K, committed 2560K, reserved 1048576K
Event: 315.563 GC heap after
Heap after GC invocations=15 (full 1):
 PSYoungGen      total 1521152K, used 0K [0x0000000762400000, 0x00000007c0000000, 0x00000007c0000000)
  eden space 1506304K, 0% used [0x0000000762400000,0x0000000762400000,0x00000007be300000)
  from space 14848K, 0% used [0x00000007bf180000,0x00000007bf180000,0x00000007c0000000)
  to   space 14848K, 0% used [0x00000007be300000,0x00000007be300000,0x00000007bf180000)
 ParOldGen       total 175104K, used 88623K [0x00000006a6c00000, 0x00000006b1700000, 0x0000000762400000)
  object space 175104K, 50% used [0x00000006a6c00000,0x00000006ac28bf20,0x00000006b1700000)
 Metaspace       used 20575K, capacity 20784K, committed 20992K, reserved 1067008K
  class space    used 2398K, capacity 2476K, committed 2560K, reserved 1048576K
}

Deoptimization events (10 events):
Event: 266.935 Thread 0x00007fdb8aaed000 Uncommon trap: reason=predicate action=maybe_recompile pc=0x000000010574eed0 method=sun.java2d.pipe.Region.filterSpans(Lsun/java2d/pipe/Region;Lsun/java2d/pipe/Region;I)V @ 192
Event: 311.993 Thread 0x00007fdb91043000 Uncommon trap: reason=class_check action=maybe_recompile pc=0x0000000105574978 method=java.util.Hashtable.put(Ljava/lang/Object;Ljava/lang/Object;)Ljava/lang/Object; @ 60
Event: 312.003 Thread 0x00007fdb91043000 Uncommon trap: reason=class_check action=maybe_recompile pc=0x00000001051e4a38 method=ij.process.ImageProcessor.translate(DD)V @ 1
Event: 312.080 Thread 0x00007fdb91043000 Uncommon trap: reason=unstable_if action=reinterpret pc=0x00000001057d12a4 method=ij.plugin.LZWEncoderForAnimGif.nextPixel()I @ 4
Event: 312.080 Thread 0x00007fdb91043000 Uncommon trap: reason=unstable_if action=reinterpret pc=0x00000001057cd05c method=ij.plugin.LZWEncoderForAnimGif.output(ILjava/io/OutputStream;)V @ 208
Event: 312.109 Thread 0x00007fdb91043000 Uncommon trap: reason=unstable_if action=reinterpret pc=0x00000001057d8f24 method=ij.plugin.LZWEncoderForAnimGif.nextPixel()I @ 4
Event: 312.449 Thread 0x00007fdb91043000 Uncommon trap: reason=unstable_if action=reinterpret pc=0x00000001057e9cf0 method=java.io.BufferedOutputStream.write(I)V @ 9
Event: 314.214 Thread 0x00007fdb91043000 Uncommon trap: reason=class_check action=maybe_recompile pc=0x0000000105574978 method=java.util.Hashtable.put(Ljava/lang/Object;Ljava/lang/Object;)Ljava/lang/Object; @ 60
Event: 326.175 Thread 0x00007fdb8ae9b800 Uncommon trap: reason=unstable_if action=reinterpret pc=0x0000000105379218 method=ij.plugin.GifDecoder.decodeImageData()V @ 525
Event: 326.177 Thread 0x00007fdb8ae9b800 Uncommon trap: reason=unstable_if action=reinterpret pc=0x000000010556da90 method=ij.plugin.GifDecoder.setPixels()V @ 357

Internal exceptions (10 events):
Event: 190.993 Thread 0x00007fdb8980f000 Exception <a 'java/lang/NullPointerException'> (0x0000000773126c88) thrown at [/Users/java_re/workspace/8-2-build-macosx-x86_64/jdk8u60/4407/hotspot/src/share/vm/runtime/sharedRuntime.cpp, line 605]
Event: 191.045 Thread 0x00007fdb8980f000 Implicit null exception at 0x00000001054d9288 to 0x00000001054d94d2
Event: 191.045 Thread 0x00007fdb8980f000 Exception <a 'java/lang/NullPointerException'> (0x0000000773feed50) thrown at [/Users/java_re/workspace/8-2-build-macosx-x86_64/jdk8u60/4407/hotspot/src/share/vm/runtime/sharedRuntime.cpp, line 605]
Event: 191.069 Thread 0x00007fdb8980f000 Implicit null exception at 0x00000001054d9288 to 0x00000001054d94d2
Event: 191.069 Thread 0x00007fdb8980f000 Exception <a 'java/lang/NullPointerException'> (0x0000000774badc40) thrown at [/Users/java_re/workspace/8-2-build-macosx-x86_64/jdk8u60/4407/hotspot/src/share/vm/runtime/sharedRuntime.cpp, line 605]
Event: 191.110 Thread 0x00007fdb8980f000 Implicit null exception at 0x00000001054d9288 to 0x00000001054d94d2
Event: 191.110 Thread 0x00007fdb8980f000 Exception <a 'java/lang/NullPointerException'> (0x0000000775a75d08) thrown at [/Users/java_re/workspace/8-2-build-macosx-x86_64/jdk8u60/4407/hotspot/src/share/vm/runtime/sharedRuntime.cpp, line 605]
Event: 191.135 Thread 0x00007fdb8980f000 Implicit null exception at 0x00000001054d9288 to 0x00000001054d94d2
Event: 191.135 Thread 0x00007fdb8980f000 Exception <a 'java/lang/NullPointerException'> (0x0000000776634bf8) thrown at [/Users/java_re/workspace/8-2-build-macosx-x86_64/jdk8u60/4407/hotspot/src/share/vm/runtime/sharedRuntime.cpp, line 605]
Event: 328.021 Thread 0x00007fdb8a8a1000 Exception <a 'java/lang/InterruptedException': sleep interrupted> (0x0000000777733998) thrown at [/Users/java_re/workspace/8-2-build-macosx-x86_64/jdk8u60/4407/hotspot/src/share/vm/prims/jvm.cpp, line 3167]

Events (10 events):
Event: 328.774 Executing VM operation: RevokeBias
Event: 328.774 Executing VM operation: RevokeBias done
Event: 328.775 Executing VM operation: RevokeBias
Event: 328.775 Executing VM operation: RevokeBias done
Event: 331.803 Thread 0x00007fdb8ad9c800 Thread added: 0x00007fdb8ad9c800
Event: 331.804 Executing VM operation: RevokeBias
Event: 331.804 Executing VM operation: RevokeBias done
Event: 331.804 Executing VM operation: RevokeBias
Event: 331.804 Executing VM operation: RevokeBias done
Event: 333.026 Thread 0x00007fdb8a8a1000 Thread exited: 0x00007fdb8a8a1000


Dynamic libraries:
0x000000000015a000 	/System/Library/Frameworks/Cocoa.framework/Versions/A/Cocoa
0x000000000015a000 	/System/Library/Frameworks/Security.framework/Versions/A/Security
0x000000000015a000 	/System/Library/Frameworks/ApplicationServices.framework/Versions/A/ApplicationServices
0x000000000015a000 	/usr/lib/libz.1.dylib
0x000000000015a000 	/usr/lib/libSystem.B.dylib
0x000000000015a000 	/usr/lib/libobjc.A.dylib
0x000000000015a000 	/System/Library/Frameworks/CoreFoundation.framework/Versions/A/CoreFoundation
0x000000000015a000 	/System/Library/Frameworks/Foundation.framework/Versions/C/Foundation
0x000000000015a000 	/System/Library/Frameworks/AppKit.framework/Versions/C/AppKit
0x000000000015a000 	/System/Library/Frameworks/CoreData.framework/Versions/A/CoreData
0x000000000015a000 	/System/Library/PrivateFrameworks/RemoteViewServices.framework/Versions/A/RemoteViewServices
0x000000000015a000 	/System/Library/PrivateFrameworks/UIFoundation.framework/Versions/A/UIFoundation
0x000000000015a000 	/System/Library/Frameworks/IOSurface.framework/Versions/A/IOSurface
0x000000000015a000 	/System/Library/Frameworks/AudioToolbox.framework/Versions/A/AudioToolbox
0x000000000015a000 	/System/Library/Frameworks/AudioUnit.framework/Versions/A/AudioUnit
0x000000000015a000 	/System/Library/PrivateFrameworks/DataDetectorsCore.framework/Versions/A/DataDetectorsCore
0x000000000015a000 	/System/Library/PrivateFrameworks/DesktopServicesPriv.framework/Versions/A/DesktopServicesPriv
0x000000000015a000 	/System/Library/Frameworks/Carbon.framework/Versions/A/Frameworks/HIToolbox.framework/Versions/A/HIToolbox
0x000000000015a000 	/System/Library/Frameworks/QuartzCore.framework/Versions/A/QuartzCore
0x000000000015a000 	/System/Library/Frameworks/Carbon.framework/Versions/A/Frameworks/SpeechRecognition.framework/Versions/A/SpeechRecognition
0x000000000015a000 	/usr/lib/libauto.dylib
0x000000000015a000 	/usr/lib/libicucore.A.dylib
0x000000000015a000 	/usr/lib/libxml2.2.dylib
0x000000000015a000 	/System/Library/PrivateFrameworks/CoreUI.framework/Versions/A/CoreUI
0x000000000015a000 	/System/Library/Frameworks/CoreAudio.framework/Versions/A/CoreAudio
0x000000000015a000 	/System/Library/Frameworks/DiskArbitration.framework/Versions/A/DiskArbitration
0x000000000015a000 	/usr/lib/liblangid.dylib
0x000000000015a000 	/System/Library/PrivateFrameworks/MultitouchSupport.framework/Versions/A/MultitouchSupport
0x000000000015a000 	/System/Library/Frameworks/IOKit.framework/Versions/A/IOKit
0x000000000015a000 	/usr/lib/libDiagnosticMessagesClient.dylib
0x000000000015a000 	/System/Library/Frameworks/CoreServices.framework/Versions/A/CoreServices
0x000000000015a000 	/System/Library/PrivateFrameworks/PerformanceAnalysis.framework/Versions/A/PerformanceAnalysis
0x000000000015a000 	/System/Library/PrivateFrameworks/GenerationalStorage.framework/Versions/A/GenerationalStorage
0x000000000015a000 	/System/Library/Frameworks/OpenGL.framework/Versions/A/OpenGL
0x000000000015a000 	/System/Library/PrivateFrameworks/Sharing.framework/Versions/A/Sharing
0x000000000015a000 	/System/Library/Frameworks/CoreGraphics.framework/Versions/A/CoreGraphics
0x000000000015a000 	/System/Library/Frameworks/CoreText.framework/Versions/A/CoreText
0x000000000015a000 	/System/Library/Frameworks/ImageIO.framework/Versions/A/ImageIO
0x000000000015a000 	/usr/lib/libextension.dylib
0x000000000015a000 	/System/Library/PrivateFrameworks/Backup.framework/Versions/A/Backup
0x000000000015a000 	/usr/lib/libarchive.2.dylib
0x000000000015a000 	/System/Library/Frameworks/CFNetwork.framework/Versions/A/CFNetwork
0x000000000015a000 	/System/Library/Frameworks/SystemConfiguration.framework/Versions/A/SystemConfiguration
0x000000000015a000 	/usr/lib/libCRFSuite.dylib
0x000000000015a000 	/usr/lib/libc++.1.dylib
0x000000000015a000 	/usr/lib/libc++abi.dylib
0x000000000015a000 	/usr/lib/system/libcache.dylib
0x000000000015a000 	/usr/lib/system/libcommonCrypto.dylib
0x000000000015a000 	/usr/lib/system/libcompiler_rt.dylib
0x000000000015a000 	/usr/lib/system/libcopyfile.dylib
0x000000000015a000 	/usr/lib/system/libcorecrypto.dylib
0x000000000015a000 	/usr/lib/system/libdispatch.dylib
0x000000000015a000 	/usr/lib/system/libdyld.dylib
0x000000000015a000 	/usr/lib/system/libkeymgr.dylib
0x000000000015a000 	/usr/lib/system/liblaunch.dylib
0x000000000015a000 	/usr/lib/system/libmacho.dylib
0x000000000015a000 	/usr/lib/system/libquarantine.dylib
0x000000000015a000 	/usr/lib/system/libremovefile.dylib
0x000000000015a000 	/usr/lib/system/libsystem_asl.dylib
0x000000000015a000 	/usr/lib/system/libsystem_blocks.dylib
0x000000000015a000 	/usr/lib/system/libsystem_c.dylib
0x000000000015a000 	/usr/lib/system/libsystem_configuration.dylib
0x000000000015a000 	/usr/lib/system/libsystem_coreservices.dylib
0x000000000015a000 	/usr/lib/system/libsystem_coretls.dylib
0x000000000015a000 	/usr/lib/system/libsystem_dnssd.dylib
0x000000000015a000 	/usr/lib/system/libsystem_info.dylib
0x000000000015a000 	/usr/lib/system/libsystem_kernel.dylib
0x000000000015a000 	/usr/lib/system/libsystem_m.dylib
0x000000000015a000 	/usr/lib/system/libsystem_malloc.dylib
0x000000000015a000 	/usr/lib/system/libsystem_network.dylib
0x000000000015a000 	/usr/lib/system/libsystem_networkextension.dylib
0x000000000015a000 	/usr/lib/system/libsystem_notify.dylib
0x000000000015a000 	/usr/lib/system/libsystem_platform.dylib
0x000000000015a000 	/usr/lib/system/libsystem_pthread.dylib
0x000000000015a000 	/usr/lib/system/libsystem_sandbox.dylib
0x000000000015a000 	/usr/lib/system/libsystem_secinit.dylib
0x000000000015a000 	/usr/lib/system/libsystem_stats.dylib
0x000000000015a000 	/usr/lib/system/libsystem_trace.dylib
0x000000000015a000 	/usr/lib/system/libunc.dylib
0x000000000015a000 	/usr/lib/system/libunwind.dylib
0x000000000015a000 	/usr/lib/system/libxpc.dylib
0x000000000015a000 	/usr/lib/libbz2.1.0.dylib
0x000000000015a000 	/usr/lib/liblzma.5.dylib
0x000000000015a000 	/usr/lib/libbsm.0.dylib
0x000000000015a000 	/usr/lib/libsqlite3.dylib
0x000000000015a000 	/usr/lib/system/libkxld.dylib
0x000000000015a000 	/usr/lib/libxar.1.dylib
0x000000000015a000 	/usr/lib/libpam.2.dylib
0x000000000015a000 	/usr/lib/libOpenScriptingUtil.dylib
0x000000000015a000 	/System/Library/Frameworks/CoreServices.framework/Versions/A/Frameworks/FSEvents.framework/Versions/A/FSEvents
0x000000000015a000 	/System/Library/Frameworks/CoreServices.framework/Versions/A/Frameworks/CarbonCore.framework/Versions/A/CarbonCore
0x000000000015a000 	/System/Library/Frameworks/CoreServices.framework/Versions/A/Frameworks/Metadata.framework/Versions/A/Metadata
0x000000000015a000 	/System/Library/Frameworks/CoreServices.framework/Versions/A/Frameworks/OSServices.framework/Versions/A/OSServices
0x000000000015a000 	/System/Library/Frameworks/CoreServices.framework/Versions/A/Frameworks/SearchKit.framework/Versions/A/SearchKit
0x000000000015a000 	/System/Library/Frameworks/CoreServices.framework/Versions/A/Frameworks/AE.framework/Versions/A/AE
0x000000000015a000 	/System/Library/Frameworks/CoreServices.framework/Versions/A/Frameworks/LaunchServices.framework/Versions/A/LaunchServices
0x000000000015a000 	/System/Library/Frameworks/CoreServices.framework/Versions/A/Frameworks/DictionaryServices.framework/Versions/A/DictionaryServices
0x000000000015a000 	/System/Library/Frameworks/NetFS.framework/Versions/A/NetFS
0x000000000015a000 	/System/Library/PrivateFrameworks/NetAuth.framework/Versions/A/NetAuth
0x000000000015a000 	/System/Library/PrivateFrameworks/login.framework/Versions/A/Frameworks/loginsupport.framework/Versions/A/loginsupport
0x000000000015a000 	/System/Library/PrivateFrameworks/TCC.framework/Versions/A/TCC
0x000000000015a000 	/usr/lib/libmecabra.dylib
0x000000000015a000 	/System/Library/Frameworks/ApplicationServices.framework/Versions/A/Frameworks/ATS.framework/Versions/A/ATS
0x000000000015a000 	/System/Library/Frameworks/ApplicationServices.framework/Versions/A/Frameworks/ColorSync.framework/Versions/A/ColorSync
0x000000000015a000 	/System/Library/Frameworks/ApplicationServices.framework/Versions/A/Frameworks/HIServices.framework/Versions/A/HIServices
0x000000000015a000 	/System/Library/Frameworks/ApplicationServices.framework/Versions/A/Frameworks/LangAnalysis.framework/Versions/A/LangAnalysis
0x000000000015a000 	/System/Library/Frameworks/ApplicationServices.framework/Versions/A/Frameworks/PrintCore.framework/Versions/A/PrintCore
0x000000000015a000 	/System/Library/Frameworks/ApplicationServices.framework/Versions/A/Frameworks/QD.framework/Versions/A/QD
0x000000000015a000 	/System/Library/Frameworks/ApplicationServices.framework/Versions/A/Frameworks/SpeechSynthesis.framework/Versions/A/SpeechSynthesis
0x000000000015a000 	/System/Library/Frameworks/Accelerate.framework/Versions/A/Accelerate
0x000000000015a000 	/System/Library/Frameworks/Accelerate.framework/Versions/A/Frameworks/vImage.framework/Versions/A/vImage
0x000000000015a000 	/System/Library/Frameworks/Accelerate.framework/Versions/A/Frameworks/vecLib.framework/Versions/A/vecLib
0x000000000015a000 	/System/Library/Frameworks/Accelerate.framework/Versions/A/Frameworks/vecLib.framework/Versions/A/libvDSP.dylib
0x000000000015a000 	/System/Library/Frameworks/Accelerate.framework/Versions/A/Frameworks/vecLib.framework/Versions/A/libvMisc.dylib
0x000000000015a000 	/System/Library/Frameworks/Accelerate.framework/Versions/A/Frameworks/vecLib.framework/Versions/A/libLAPACK.dylib
0x000000000015a000 	/System/Library/Frameworks/Accelerate.framework/Versions/A/Frameworks/vecLib.framework/Versions/A/libBLAS.dylib
0x000000000015a000 	/System/Library/Frameworks/Accelerate.framework/Versions/A/Frameworks/vecLib.framework/Versions/A/libLinearAlgebra.dylib
0x000000000015a000 	/System/Library/Frameworks/ApplicationServices.framework/Versions/A/Frameworks/ATS.framework/Versions/A/Resources/libFontParser.dylib
0x000000000015a000 	/System/Library/Frameworks/ApplicationServices.framework/Versions/A/Frameworks/ATS.framework/Versions/A/Resources/libFontRegistry.dylib
0x000000000015a000 	/System/Library/PrivateFrameworks/AppleVPA.framework/Versions/A/AppleVPA
0x000000000015a000 	/System/Library/PrivateFrameworks/AppleJPEG.framework/Versions/A/AppleJPEG
0x000000000015a000 	/System/Library/Frameworks/ImageIO.framework/Versions/A/Resources/libJPEG.dylib
0x000000000015a000 	/System/Library/Frameworks/ImageIO.framework/Versions/A/Resources/libTIFF.dylib
0x000000000015a000 	/System/Library/Frameworks/ImageIO.framework/Versions/A/Resources/libPng.dylib
0x000000000015a000 	/System/Library/Frameworks/ImageIO.framework/Versions/A/Resources/libGIF.dylib
0x000000000015a000 	/System/Library/Frameworks/ImageIO.framework/Versions/A/Resources/libJP2.dylib
0x000000000015a000 	/System/Library/Frameworks/ImageIO.framework/Versions/A/Resources/libRadiance.dylib
0x000000000015a000 	/System/Library/Frameworks/CoreVideo.framework/Versions/A/CoreVideo
0x000000000015a000 	/System/Library/Frameworks/OpenGL.framework/Versions/A/Libraries/libGLU.dylib
0x000000000015a000 	/System/Library/Frameworks/OpenGL.framework/Versions/A/Libraries/libGFXShared.dylib
0x000000000015a000 	/System/Library/Frameworks/OpenGL.framework/Versions/A/Libraries/libGL.dylib
0x000000000015a000 	/System/Library/Frameworks/OpenGL.framework/Versions/A/Libraries/libGLImage.dylib
0x000000000015a000 	/System/Library/Frameworks/OpenGL.framework/Versions/A/Libraries/libCVMSPluginSupport.dylib
0x000000000015a000 	/System/Library/Frameworks/OpenGL.framework/Versions/A/Libraries/libCoreVMClient.dylib
0x000000000015a000 	/usr/lib/libcups.2.dylib
0x000000000015a000 	/System/Library/Frameworks/Kerberos.framework/Versions/A/Kerberos
0x000000000015a000 	/System/Library/Frameworks/GSS.framework/Versions/A/GSS
0x000000000015a000 	/usr/lib/libresolv.9.dylib
0x000000000015a000 	/usr/lib/libiconv.2.dylib
0x000000000015a000 	/System/Library/PrivateFrameworks/Heimdal.framework/Versions/A/Heimdal
0x000000000015a000 	/usr/lib/libheimdal-asn1.dylib
0x000000000015a000 	/System/Library/Frameworks/OpenDirectory.framework/Versions/A/OpenDirectory
0x000000000015a000 	/System/Library/PrivateFrameworks/CommonAuth.framework/Versions/A/CommonAuth
0x000000000015a000 	/System/Library/Frameworks/OpenDirectory.framework/Versions/A/Frameworks/CFOpenDirectory.framework/Versions/A/CFOpenDirectory
0x000000000015a000 	/System/Library/Frameworks/SecurityFoundation.framework/Versions/A/SecurityFoundation
0x000000000015a000 	/System/Library/PrivateFrameworks/LanguageModeling.framework/Versions/A/LanguageModeling
0x000000000015a000 	/usr/lib/libcmph.dylib
0x000000000015a000 	/System/Library/Frameworks/ServiceManagement.framework/Versions/A/ServiceManagement
0x000000000015a000 	/usr/lib/libxslt.1.dylib
0x000000000015a000 	/System/Library/Frameworks/Carbon.framework/Versions/A/Frameworks/Ink.framework/Versions/A/Ink
0x000000000015a000 	/System/Library/Frameworks/QuartzCore.framework/Versions/A/Frameworks/CoreImage.framework/Versions/A/CoreImage
0x000000000015a000 	/System/Library/PrivateFrameworks/CrashReporterSupport.framework/Versions/A/CrashReporterSupport
0x000000000015a000 	/System/Library/Frameworks/OpenCL.framework/Versions/A/OpenCL
0x000000000015a000 	/System/Library/PrivateFrameworks/FaceCore.framework/Versions/A/FaceCore
0x000000000015a000 	/System/Library/PrivateFrameworks/Ubiquity.framework/Versions/A/Ubiquity
0x000000000015a000 	/System/Library/PrivateFrameworks/IconServices.framework/Versions/A/IconServices
0x000000000015a000 	/System/Library/PrivateFrameworks/ChunkingLibrary.framework/Versions/A/ChunkingLibrary
0x000000000015a000 	/System/Library/PrivateFrameworks/Apple80211.framework/Versions/A/Apple80211
0x000000000015a000 	/System/Library/Frameworks/CoreWLAN.framework/Versions/A/CoreWLAN
0x000000000015a000 	/System/Library/Frameworks/IOBluetooth.framework/Versions/A/IOBluetooth
0x000000000015a000 	/System/Library/PrivateFrameworks/CoreWiFi.framework/Versions/A/CoreWiFi
0x000000000015a000 	/System/Library/Frameworks/CoreBluetooth.framework/Versions/A/CoreBluetooth
0x000000000015a000 	/System/Library/PrivateFrameworks/DebugSymbols.framework/Versions/A/DebugSymbols
0x000000000015a000 	/System/Library/PrivateFrameworks/CoreSymbolication.framework/Versions/A/CoreSymbolication
0x000000000015a000 	/System/Library/PrivateFrameworks/Symbolication.framework/Versions/A/Symbolication
0x000000000015a000 	/System/Library/PrivateFrameworks/SpeechRecognitionCore.framework/Versions/A/SpeechRecognitionCore
0x0000000103e00000 	/Library/Java/JavaVirtualMachines/jdk1.8.0_60.jdk/Contents/Home/jre/lib/server/libjvm.dylib
0x000000000015a000 	/usr/lib/libstdc++.6.dylib
0x0000000103564000 	/Library/Java/JavaVirtualMachines/jdk1.8.0_60.jdk/Contents/Home/jre/lib/libverify.dylib
0x0000000103572000 	/Library/Java/JavaVirtualMachines/jdk1.8.0_60.jdk/Contents/Home/jre/lib/libjava.dylib
0x00000001035a8000 	/Library/Java/JavaVirtualMachines/jdk1.8.0_60.jdk/Contents/Home/jre/lib/libjdwp.dylib
0x00000001035f3000 	/Library/Java/JavaVirtualMachines/jdk1.8.0_60.jdk/Contents/Home/jre/lib/libnpt.dylib
0x0000000104e8c000 	/Library/Java/JavaVirtualMachines/jdk1.8.0_60.jdk/Contents/Home/jre/lib/libzip.dylib
0x00000001208a2000 	/System/Library/Frameworks/JavaVM.framework/Frameworks/JavaRuntimeSupport.framework/JavaRuntimeSupport
0x00000001208bd000 	/System/Library/Frameworks/JavaVM.framework/Versions/A/Frameworks/JavaNativeFoundation.framework/Versions/A/JavaNativeFoundation
0x00000001208d2000 	/System/Library/Frameworks/JavaVM.framework/Versions/A/JavaVM
0x000000000015a000 	/System/Library/Frameworks/Carbon.framework/Versions/A/Carbon
0x00000001208df000 	/System/Library/PrivateFrameworks/JavaLaunching.framework/Versions/A/JavaLaunching
0x000000000015a000 	/System/Library/Frameworks/Carbon.framework/Versions/A/Frameworks/CommonPanels.framework/Versions/A/CommonPanels
0x000000000015a000 	/System/Library/Frameworks/Carbon.framework/Versions/A/Frameworks/Help.framework/Versions/A/Help
0x000000000015a000 	/System/Library/Frameworks/Carbon.framework/Versions/A/Frameworks/ImageCapture.framework/Versions/A/ImageCapture
0x000000000015a000 	/System/Library/Frameworks/Carbon.framework/Versions/A/Frameworks/OpenScripting.framework/Versions/A/OpenScripting
0x000000000015a000 	/System/Library/Frameworks/Carbon.framework/Versions/A/Frameworks/Print.framework/Versions/A/Print
0x000000000015a000 	/System/Library/Frameworks/Carbon.framework/Versions/A/Frameworks/SecurityHI.framework/Versions/A/SecurityHI
0x00000001209f7000 	/Library/Java/JavaVirtualMachines/jdk1.8.0_60.jdk/Contents/Home/jre/lib/libdt_socket.dylib
0x0000000122d83000 	/Library/Java/JavaVirtualMachines/jdk1.8.0_60.jdk/Contents/Home/jre/lib/libawt.dylib
0x0000000122e2b000 	/Library/Java/JavaVirtualMachines/jdk1.8.0_60.jdk/Contents/Home/jre/lib/./libmlib_image.dylib
0x0000000122ef7000 	/Library/Java/JavaVirtualMachines/jdk1.8.0_60.jdk/Contents/Home/jre/lib/libawt_lwawt.dylib
0x0000000122fac000 	/Library/Java/JavaVirtualMachines/jdk1.8.0_60.jdk/Contents/Home/jre/lib/./libosxapp.dylib
0x000000000015a000 	/System/Library/Frameworks/ExceptionHandling.framework/Versions/A/ExceptionHandling
0x000000000015a000 	/System/Library/PrivateFrameworks/CoreServicesInternal.framework/Versions/A/CoreServicesInternal
0x000000000015a000 	/System/Library/PrivateFrameworks/CloudDocs.framework/Versions/A/CloudDocs
0x000000000015a000 	/System/Library/PrivateFrameworks/CoreDuet.framework/Versions/A/CoreDuet
0x000000000015a000 	/System/Library/Frameworks/CloudKit.framework/Versions/A/CloudKit
0x000000000015a000 	/System/Library/PrivateFrameworks/ProtocolBuffer.framework/Versions/A/ProtocolBuffer
0x000000000015a000 	/System/Library/PrivateFrameworks/CoreDuetDaemonProtocol.framework/Versions/A/CoreDuetDaemonProtocol
0x000000000015a000 	/System/Library/PrivateFrameworks/CoreDuetDebugLogging.framework/Versions/A/CoreDuetDebugLogging
0x000000000015a000 	/System/Library/PrivateFrameworks/MMCS.framework/Versions/A/MMCS
0x000000000015a000 	/System/Library/Frameworks/CoreLocation.framework/Versions/A/CoreLocation
0x000000000015a000 	/System/Library/PrivateFrameworks/ProtectedCloudStorage.framework/Versions/A/ProtectedCloudStorage
0x000000000015a000 	/System/Library/PrivateFrameworks/GeoServices.framework/Versions/A/GeoServices
0x000000000015a000 	/System/Library/Frameworks/CoreGraphics.framework/Versions/A/Resources/libCGCMS.A.dylib
0x000000000015a000 	/System/Library/Frameworks/CoreGraphics.framework/Versions/A/Resources/libRIP.A.dylib
0x000000000015a000 	/System/Library/Frameworks/CoreGraphics.framework/Versions/A/Resources/libCGXType.A.dylib
0x000000000015a000 	/System/Library/Frameworks/OpenCL.framework/Versions/A/Libraries/libcldcpuengine.dylib
0x000000000015a000 	/System/Library/PrivateFrameworks/DiskImages.framework/Versions/A/DiskImages
0x000000000015a000 	/System/Library/Frameworks/DiscRecording.framework/Versions/A/DiscRecording
0x000000000015a000 	/usr/lib/libcsfde.dylib
0x000000000015a000 	/usr/lib/libcurl.4.dylib
0x000000000015a000 	/System/Library/PrivateFrameworks/MediaKit.framework/Versions/A/MediaKit
0x000000000015a000 	/usr/lib/libCoreStorage.dylib
0x000000000015a000 	/System/Library/PrivateFrameworks/EFILogin.framework/Versions/A/EFILogin
0x000000000015a000 	/usr/lib/libutil.dylib
0x000000000015a000 	/System/Library/PrivateFrameworks/FindMyDevice.framework/Versions/A/FindMyDevice
0x000000000015a000 	/System/Library/Frameworks/LDAP.framework/Versions/A/LDAP
0x000000000015a000 	/usr/lib/libsasl2.2.dylib
0x000000000015a000 	/System/Library/PrivateFrameworks/CoreDaemon.framework/Versions/B/CoreDaemon
0x000000000015a000 	/usr/lib/libcrypto.0.9.8.dylib
0x000000000015a000 	/System/Library/PrivateFrameworks/AppleSRP.framework/Versions/A/AppleSRP
0x000000000015a000 	/System/Library/PrivateFrameworks/TrustEvaluationAgent.framework/Versions/A/TrustEvaluationAgent
0x0000000125fee000 	cl_kernels
0x0000000125ff0000 	/System/Library/Frameworks/OpenCL.framework/Versions/A/Libraries/ImageFormats/unorm8_bgra.dylib
0x0000000125fdf000 	cl_kernels
0x000000000015a000 	/System/Library/PrivateFrameworks/FamilyControls.framework/Versions/A/FamilyControls
0x000000000015a000 	/System/Library/PrivateFrameworks/CommerceKit.framework/Versions/A/Frameworks/CommerceCore.framework/Versions/A/CommerceCore
0x000000000015a000 	/System/Library/PrivateFrameworks/SystemAdministration.framework/Versions/A/SystemAdministration
0x000000000015a000 	/System/Library/PrivateFrameworks/AppContainer.framework/Versions/A/AppContainer
0x000000000015a000 	/System/Library/PrivateFrameworks/SecCodeWrapper.framework/Versions/A/SecCodeWrapper
0x000000000015a000 	/System/Library/Frameworks/DirectoryService.framework/Versions/A/DirectoryService
0x000000000015a000 	/System/Library/PrivateFrameworks/LoginUIKit.framework/Versions/A/Frameworks/LoginUICore.framework/Versions/A/LoginUICore
0x000000000015a000 	/usr/lib/libodfde.dylib
0x000000000015a000 	/System/Library/Frameworks/OpenGL.framework/Versions/A/Resources/GLEngine.bundle/GLEngine
0x000000000015a000 	/System/Library/Frameworks/OpenGL.framework/Versions/A/Libraries/libGLProgrammability.dylib
0x00000001272b6000 	/System/Library/Extensions/AppleIntelHD4000GraphicsGLDriver.bundle/Contents/MacOS/AppleIntelHD4000GraphicsGLDriver
0x000000000015a000 	/System/Library/PrivateFrameworks/IOAccelerator.framework/Versions/A/IOAccelerator
0x000000000015a000 	/System/Library/PrivateFrameworks/GPUSupport.framework/Versions/A/Libraries/libGPUSupportMercury.dylib
0x000000000015a000 	/System/Library/Frameworks/OpenGL.framework/Versions/A/Resources/GLRendererFloat.bundle/GLRendererFloat
0x000000012828c000 	/Library/Java/JavaVirtualMachines/jdk1.8.0_60.jdk/Contents/Home/jre/lib/libfontmanager.dylib
0x00000001282f3000 	/Library/Java/JavaVirtualMachines/jdk1.8.0_60.jdk/Contents/Home/jre/lib/libosxui.dylib
0x000000012a464000 	/Library/Java/JavaVirtualMachines/jdk1.8.0_60.jdk/Contents/Home/jre/lib/libnet.dylib
0x000000012a3bd000 	/Library/Java/JavaVirtualMachines/jdk1.8.0_60.jdk/Contents/Home/jre/lib/libnio.dylib
0x000000000015a000 	/System/Library/Frameworks/ApplicationServices.framework/Versions/A/Frameworks/ATS.framework/Versions/A/Resources/libTrueTypeScaler.dylib
0x000000012a2f9000 	/Library/Java/JavaVirtualMachines/jdk1.8.0_60.jdk/Contents/Home/jre/lib/libdcpr.dylib
0x000000000015a000 	/System/Library/PrivateFrameworks/Shortcut.framework/Versions/A/Shortcut
0x000000000015a000 	/System/Library/PrivateFrameworks/HelpData.framework/Versions/A/HelpData
0x000000000015a000 	/usr/lib/libtidy.A.dylib
0x0000000122c90000 	cl_kernels
0x0000000122c94000 	cl_kernels
0x000000000015a000 	/System/Library/PrivateFrameworks/FinderKit.framework/Versions/A/FinderKit
0x000000000015a000 	/System/Library/PrivateFrameworks/Suggestions.framework/Versions/A/Suggestions
0x000000000015a000 	/System/Library/Frameworks/Quartz.framework/Versions/A/Frameworks/QuickLookUI.framework/Versions/A/QuickLookUI
0x000000000015a000 	/System/Library/Frameworks/Quartz.framework/Versions/A/Frameworks/ImageKit.framework/Versions/A/ImageKit
0x000000000015a000 	/System/Library/PrivateFrameworks/Bom.framework/Versions/A/Bom
0x000000000015a000 	/System/Library/Frameworks/QuickLook.framework/Versions/A/QuickLook
0x000000000015a000 	/System/Library/PrivateFrameworks/AppleSystemInfo.framework/Versions/A/AppleSystemInfo
0x000000000015a000 	/System/Library/Frameworks/ImageCaptureCore.framework/Versions/A/ImageCaptureCore
0x000000000015a000 	/System/Library/Frameworks/AddressBook.framework/Versions/A/AddressBook
0x000000000015a000 	/System/Library/PrivateFrameworks/IntlPreferences.framework/Versions/A/IntlPreferences
0x000000000015a000 	/System/Library/PrivateFrameworks/ToneLibrary.framework/Versions/A/ToneLibrary
0x000000000015a000 	/System/Library/PrivateFrameworks/ToneKit.framework/Versions/A/ToneKit
0x000000000015a000 	/System/Library/PrivateFrameworks/vCard.framework/Versions/A/vCard
0x000000000015a000 	/System/Library/PrivateFrameworks/ApplePushService.framework/Versions/A/ApplePushService
0x000000000015a000 	/System/Library/PrivateFrameworks/ContactsData.framework/Versions/A/ContactsData
0x000000000015a000 	/System/Library/PrivateFrameworks/ContactsFoundation.framework/Versions/A/ContactsFoundation
0x000000000015a000 	/System/Library/Frameworks/SecurityInterface.framework/Versions/A/SecurityInterface
0x000000000015a000 	/System/Library/PrivateFrameworks/PhoneNumbers.framework/Versions/A/PhoneNumbers
0x000000000015a000 	/System/Library/Frameworks/Quartz.framework/Versions/A/Quartz
0x000000000015a000 	/System/Library/Frameworks/AVFoundation.framework/Versions/A/AVFoundation
0x000000000015a000 	/System/Library/Frameworks/AVFoundation.framework/Versions/A/Resources/libAVFAudio.dylib
0x000000000015a000 	/System/Library/Frameworks/CoreMedia.framework/Versions/A/CoreMedia
0x000000000015a000 	/System/Library/Frameworks/MediaToolbox.framework/Versions/A/MediaToolbox
0x000000000015a000 	/System/Library/Frameworks/VideoToolbox.framework/Versions/A/VideoToolbox
0x000000000015a000 	/System/Library/Frameworks/CoreMediaIO.framework/Versions/A/CoreMediaIO
0x000000000015a000 	/System/Library/PrivateFrameworks/MediaControlSender.framework/Versions/A/MediaControlSender
0x000000000015a000 	/System/Library/PrivateFrameworks/CoreAVCHD.framework/Versions/A/CoreAVCHD
0x000000000015a000 	/System/Library/Frameworks/MediaAccessibility.framework/Versions/A/MediaAccessibility
0x000000000015a000 	/System/Library/PrivateFrameworks/Mangrove.framework/Versions/A/Mangrove
0x000000000015a000 	/System/Library/PrivateFrameworks/CoreAUC.framework/Versions/A/CoreAUC
0x000000000015a000 	/System/Library/PrivateFrameworks/NetworkStatistics.framework/Versions/A/NetworkStatistics
0x000000000015a000 	/System/Library/PrivateFrameworks/AirPlaySupport.framework/Versions/A/AirPlaySupport
0x000000000015a000 	/System/Library/PrivateFrameworks/CoreUtils.framework/Versions/A/CoreUtils
0x000000000015a000 	/System/Library/PrivateFrameworks/AppleVA.framework/Versions/A/AppleVA
0x000000000015a000 	/System/Library/PrivateFrameworks/XPCService.framework/Versions/A/XPCService
0x000000000015a000 	/System/Library/PrivateFrameworks/AppSandbox.framework/Versions/A/AppSandbox
0x000000000015a000 	/usr/lib/libsandbox.1.dylib
0x000000000015a000 	/usr/lib/libMatch.1.dylib
0x000000000015a000 	/System/Library/PrivateFrameworks/SafariServices.framework/Versions/A/SafariServices
0x000000000015a000 	/usr/lib/libspindump.dylib
0x000000000015a000 	/System/Library/Frameworks/QTKit.framework/Versions/A/QTKit
0x000000000015a000 	/System/Library/PrivateFrameworks/ViewBridge.framework/Versions/A/ViewBridge
0x000000000015a000 	/System/Library/PrivateFrameworks/CoreMediaAuthoring.framework/Versions/A/CoreMediaAuthoring
0x000000000015a000 	/System/Library/Frameworks/Quartz.framework/Versions/A/Frameworks/QuartzComposer.framework/Versions/A/QuartzComposer
0x000000000015a000 	/System/Library/Frameworks/Quartz.framework/Versions/A/Frameworks/PDFKit.framework/Versions/A/PDFKit
0x000000000015a000 	/System/Library/Frameworks/Quartz.framework/Versions/A/Frameworks/QuartzFilters.framework/Versions/A/QuartzFilters
0x000000000015a000 	/System/Library/Frameworks/JavaScriptCore.framework/Versions/A/JavaScriptCore
0x000000000015a000 	/System/Library/PrivateFrameworks/CorePDF.framework/Versions/A/CorePDF
0x000000000015a000 	/System/Library/PrivateFrameworks/DisplayServices.framework/Versions/A/DisplayServices
0x000000000015a000 	/System/Library/PrivateFrameworks/AppleFSCompression.framework/Versions/A/AppleFSCompression
0x0000000122fca000 	/System/Library/PrivateFrameworks/CacheDelete.framework/CacheDelete
0x000000000015a000 	/System/Library/PrivateFrameworks/PlugInKit.framework/Versions/A/PlugInKit
0x000000000015a000 	/System/Library/CoreServices/RawCamera.bundle/Contents/MacOS/RawCamera
0x000000018b4d3000 	/System/Library/Frameworks/OpenCL.framework/Versions/A/Libraries/ImageFormats/unorm8_rgba.dylib
0x000000018b856000 	cl_kernels
0x0000000189ef2000 	/System/Library/Frameworks/Security.framework/PlugIns/csparser.bundle/Contents/MacOS/csparser
0x000000000015a000 	/System/Library/Frameworks/Accelerate.framework/Versions/A/Frameworks/vImage.framework/Versions/A/Libraries/libCGInterfaces.dylib
0x000000000015a000 	/System/Library/Frameworks/CoreGraphics.framework/Versions/A/Resources/libCGXCoreImage.A.dylib
0x0000000129d69000 	cl_kernels
0x0000000129da7000 	cl_kernels

VM Arguments:
jvm_args: -agentlib:jdwp=transport=dt_socket,suspend=y,address=localhost:52865 -Xmx4500M -Dfile.encoding=MacRoman 
java_command: ij.ImageJ -remote /Volumes/GLOWORM_DATA/APPONLY
java_class_path (initial): /Users/wmohler/Documents/EclipseWorkspace/GLOWormJviaperlSVN/plugins:/Users/wmohler/Documents/EclipseWorkspace/GLOWormJviaperlSVN/precompiled-mpicbg_.jar:/Users/wmohler/Documents/EclipseWorkspace/GLOWormJviaperlSVN/precompiled-mpicbg.jar:/Users/wmohler/Documents/EclipseWorkspace/GLOWormJviaperlSVN/jdom.jar:/Users/wmohler/Documents/EclipseWorkspace/GLOWormJviaperlSVN/SmartCapture_VLite.jar:/Users/wmohler/Documents/EclipseWorkspace/GLOWormJviaperlSVN/Volume_Viewer.jar:/Users/wmohler/Documents/EclipseWorkspace/GLOWormJviaperlSVN/commons-net-3.3.jar:/Users/wmohler/Documents/EclipseWorkspace/GLOWormJviaperlSVN/javaws.jar:/Users/wmohler/Documents/EclipseWorkspace/GLOWormJviaperlSVN/QTJava.zip:/Users/wmohler/Documents/EclipseWorkspace/GLOWormJviaperlSVN/jogamp-all-platforms/jar/jocl-android.jar:/Users/wmohler/Documents/EclipseWorkspace/GLOWormJviaperlSVN/jogamp-all-platforms/jar/jocl-test-android.jar:/Users/wmohler/Documents/EclipseWorkspace/GLOWormJviaperlSVN/jogamp-all-platforms/jar/jocl-test.jar:/Users/wmohler/Documents/EclipseWorkspace/GLOWormJviaperlSVN/jogamp-all-platforms/jar/jocl.jar:/Users/wmohler/Documents/EclipseWorkspace/GLOWormJviaperlSVN/jogamp-all-platforms/jar/jogl-test-android.jar:/Users/wmohler/Documents/EclipseWorkspace/GLOWormJviaperlSVN/jogamp-all-platforms/jar/jogl-test.jar:/Users/wmohler/Documents/EclipseWorkspace/GLOWormJviaperlSVN/jogamp-all-platforms/jar/jogl-all-noawt.jar:/Users/wmohler/Documents/EclipseWorkspace/GLOWormJviaperlSVN/jogamp-all-platforms/jar/jogl-all.jar:/Users/wmohler/Documents/EclipseWorkspace/GLOWormJviaperlSVN/jogamp-all-platforms/jar/jogl-all-mobile.jar:/Users/wmohler/Documents/EclipseWorkspace/GLOWormJviaperlSVN/jogamp-all-platforms/jar/jogl-all-android.jar:/Users/wmohler/Documents/EclipseWorkspace/GLOWormJviaperlSVN/jogamp-all-platforms/jar/joal-android.jar:/Users/wmohler/Documents/EclipseWorkspace/GLOWormJviaperlSVN/jogamp-all-platforms/jar/joal-test-android.jar:/Users/wmohler/Documents/EclipseW
Launcher Type: SUN_STANDARD

Environment Variables:
PATH=/usr/bin:/bin:/usr/sbin:/sbin
SHELL=/bin/bash

Signal Handlers:
SIGSEGV: [libjvm.dylib+0x5a6d31], sa_mask[0]=11111111011111110111111111111111, sa_flags=SA_ONSTACK|SA_RESTART|SA_SIGINFO
SIGBUS: [libjvm.dylib+0x5a6d31], sa_mask[0]=11111111011111110111111111111111, sa_flags=SA_RESTART|SA_SIGINFO
SIGFPE: [libjvm.dylib+0x480a4c], sa_mask[0]=11111111011111110111111111111111, sa_flags=SA_RESTART|SA_SIGINFO
SIGPIPE: [libjvm.dylib+0x480a4c], sa_mask[0]=11111111011111110111111111111111, sa_flags=SA_RESTART|SA_SIGINFO
SIGXFSZ: [libjvm.dylib+0x480a4c], sa_mask[0]=11111111011111110111111111111111, sa_flags=SA_RESTART|SA_SIGINFO
SIGILL: [libjvm.dylib+0x480a4c], sa_mask[0]=11111111011111110111111111111111, sa_flags=SA_RESTART|SA_SIGINFO
SIGUSR1: SIG_DFL, sa_mask[0]=00000000000000000000000000000000, sa_flags=none
SIGUSR2: [libjvm.dylib+0x48056a], sa_mask[0]=00100000000000000000000000000000, sa_flags=SA_RESTART|SA_SIGINFO
SIGHUP: [libjvm.dylib+0x47eb41], sa_mask[0]=11111111011111110111111111111111, sa_flags=SA_RESTART|SA_SIGINFO
SIGINT: [libjvm.dylib+0x47eb41], sa_mask[0]=11111111011111110111111111111111, sa_flags=SA_RESTART|SA_SIGINFO
SIGTERM: [libjvm.dylib+0x47eb41], sa_mask[0]=11111111011111110111111111111111, sa_flags=SA_RESTART|SA_SIGINFO
SIGQUIT: [libjvm.dylib+0x47eb41], sa_mask[0]=11111111011111110111111111111111, sa_flags=SA_RESTART|SA_SIGINFO


---------------  S Y S T E M  ---------------

OS:Bsduname:Darwin 14.5.0 Darwin Kernel Version 14.5.0: Wed Jul 29 02:26:53 PDT 2015; root:xnu-2782.40.9~1/RELEASE_X86_64 x86_64
rlimit: STACK 8192k, CORE 0k, NPROC 709, NOFILE 10240, AS infinity
load average:2.64 3.61 4.87

CPU:total 4 (2 cores per cpu, 2 threads per core) family 6 model 58 stepping 9, cmov, cx8, fxsr, mmx, sse, sse2, sse3, ssse3, sse4.1, sse4.2, popcnt, avx, aes, clmul, erms, ht, tsc, tscinvbit, tscinv

Memory: 4k page, physical 16777216k(31144k free)

/proc/meminfo:


vm_info: Java HotSpot(TM) 64-Bit Server VM (25.60-b23) for bsd-amd64 JRE (1.8.0_60-b27), built on Aug  4 2015 10:47:24 by "java_re" with gcc 4.2.1 (Based on Apple Inc. build 5658) (LLVM build 2336.11.00)

time: Tue Jan 10 17:33:11 2017
elapsed time: 333 seconds (0d 0h 5m 33s)

