#
# A fatal error has been detected by the Java Runtime Environment:
#
#  SIGSEGV (0xb) at pc=0x00007fff9564eb73, pid=84675, tid=59907
#
# JRE version: Java(TM) SE Runtime Environment (8.0_60-b27) (build 1.8.0_60-b27)
# Java VM: Java HotSpot(TM) 64-Bit Server VM (25.60-b23 mixed mode bsd-amd64 compressed oops)
# Problematic frame:
# C  [libobjc.A.dylib+0x9b73]  weak_register_no_lock+0x40
#
# Failed to write core dump. Core dumps have been disabled. To enable core dumping, try "ulimit -c unlimited" before starting Java again
#
# If you would like to submit a bug report, please visit:
#   http://bugreport.java.com/bugreport/crash.jsp
# The crash happened outside the Java Virtual Machine in native code.
# See problematic frame for where to report the bug.
#

---------------  T H R E A D  ---------------

Current thread (0x00007fbfbb2bd000):  JavaThread "AWT-EventQueue-0" [_thread_in_native, id=59907, stack(0x0000000128764000,0x0000000128864000)]

siginfo: si_signo: 11 (SIGSEGV), si_code: 0 (unknown), si_addr: 0x0000000000000000

Registers:
RAX=0x1000000000000000, RBX=0x00007fbfc0313070, RCX=0x000000000000ea03, RDX=0x00007fbfbfedc548
RSP=0x000000012885d440, RBP=0x000000012885d4a0, RSI=0x00007fbfc0313070, RDI=0x00007fff7a8c7e28
R8 =0x00000000000007ff, R9 =0x00007fbfc0313070, R10=0x00007fbfbcd1eec0, R11=0x0000000000000002
R12=0x00007fff79fcd070, R13=0x00007fff7a8c6e80, R14=0x00007fff7a8c7e28, R15=0x00007fbfbfedc548
RIP=0x00007fff9564eb73, EFLAGS=0x0000000000010246, ERR=0x0000000000000000
  TRAPNO=0x000000000000000d

Top of Stack: (sp=0x000000012885d440)
0x000000012885d440:   402e000000000000 4018000000000000
0x000000012885d450:   0000000000000000 402e000000000000
0x000000012885d460:   4018000000000000 0000000000000000
0x000000012885d470:   4f00a9d37f2a2936 00007fff7a8c6e80
0x000000012885d480:   0000000000000000 00007fff7a8c6e80
0x000000012885d490:   00007fbfbfedc548 00007fff7a8c7e00
0x000000012885d4a0:   000000012885d500 00007fff9564eac7
0x000000012885d4b0:   0000000000000f90 00007fbfc0313070
0x000000012885d4c0:   0000000000000f80 00007fbfbfedc548
0x000000012885d4d0:   0000000000000000 0000000000000000
0x000000012885d4e0:   0000000000000000 000000140000000f
0x000000012885d4f0:   00007fbfc0313070 00007fbfbfedc510
0x000000012885d500:   000000012885d5e0 00007fff963b583a
0x000000012885d510:   0000000000001001 0000000101ad7400
0x000000012885d520:   402e000000000000 00007fff8eca0bec
0x000000012885d530:   0000000000001003 0000000101ad3000
0x000000012885d540:   0000000000000001 0000000600000000
0x000000012885d550:   0000000000000014 00007fbfbfedc5b0
0x000000012885d560:   000000000000000f 0000000000000000
0x000000012885d570:   00007fbfbfedbd60 00007fff7991e6f0
0x000000012885d580:   0000000000000000 0000000000000000
0x000000012885d590:   402e000000000000 4020000000000000
0x000000012885d5a0:   0000000101b03000 0000000000000000
0x000000012885d5b0:   4f00a9d37f2a2936 0000000000000000
0x000000012885d5c0:   0000000000000000 0000000000000000
0x000000012885d5d0:   0000000000000000 0000000000000001
0x000000012885d5e0:   000000012885d780 00007fff8ecd248c
0x000000012885d5f0:   0000000000000000 0000000000000000
0x000000012885d600:   402e000000000000 4020000000000000
0x000000012885d610:   0000000101ad6a00 0000000000000000
0x000000012885d620:   0000000101ad3000 0000000000000000
0x000000012885d630:   0000000000000009 0000000101ad7400 

Instructions: (pc=0x00007fff9564eb73)
0x00007fff9564eb53:   e5 49 8b 04 24 48 89 45 d0 31 c0 48 85 db 0f 84
0x00007fff9564eb63:   e0 00 00 00 f6 c3 01 0f 85 d4 00 00 00 48 8b 03
0x00007fff9564eb73:   f6 40 20 02 74 11 48 89 df e8 21 7a 01 00 84 c0
0x00007fff9564eb83:   74 3b e9 db 00 00 00 4c 8d 2d b7 6f 27 e5 49 8b 

Register to memory mapping:

RAX=0x1000000000000000 is an unknown value
RBX=0x00007fbfc0313070 is an unknown value
RCX=0x000000000000ea03 is an unknown value
RDX=0x00007fbfbfedc548 is an unknown value
RSP=0x000000012885d440 is pointing into the stack for thread: 0x00007fbfbb2bd000
RBP=0x000000012885d4a0 is pointing into the stack for thread: 0x00007fbfbb2bd000
RSI=0x00007fbfc0313070 is an unknown value
RDI=0x00007fff7a8c7e28: _ZN12_GLOBAL__N_19SideTable9table_bufE+0xfa8 in /usr/lib/libobjc.A.dylib at 0x00007fff95645000
R8 =0x00000000000007ff is an unknown value
R9 =0x00007fbfc0313070 is an unknown value
R10=0x00007fbfbcd1eec0 is an unknown value
R11=0x0000000000000002 is an unknown value
R12=0x00007fff79fcd070: __stack_chk_guard+0 in /usr/lib/system/libsystem_c.dylib at 0x00007fff91e92000
R13=0x00007fff7a8c6e80: _ZN12_GLOBAL__N_19SideTable9table_bufE+0 in /usr/lib/libobjc.A.dylib at 0x00007fff95645000
R14=0x00007fff7a8c7e28: _ZN12_GLOBAL__N_19SideTable9table_bufE+0xfa8 in /usr/lib/libobjc.A.dylib at 0x00007fff95645000
R15=0x00007fbfbfedc548 is an unknown value


Stack: [0x0000000128764000,0x0000000128864000],  sp=0x000000012885d440,  free space=997k
Native frames: (J=compiled Java code, j=interpreted, Vv=VM code, C=native code)
C  [libobjc.A.dylib+0x9b73]  weak_register_no_lock+0x40
C  [libobjc.A.dylib+0x9ac7]  objc_storeWeak+0xe9
C  [CoreUI+0xb683a]  csiCompressImageProviderCopyImageBlockSetWithOptions+0x3f0
C  [CoreGraphics+0x3648c]  img_blocks_create+0x23e
C  [CoreGraphics+0x24fa2]  img_data_lock+0x819
C  [CoreGraphics+0x23806]  CGSImageDataLock+0x97
C  [libRIP.A.dylib+0xda52]  ripc_AcquireImage+0x38a
C  [libRIP.A.dylib+0x16eb7]  ripc_DrawImages+0x1be5
C  [CoreGraphics+0x6db67]  CGContextDrawImages+0xd2
C  [CoreUI+0x99667]  DrawThreePartImageWithOperation+0xa00
C  [CoreUI+0x98c58]  DrawThreePartElementFromRenditionWithOperation+0xe9
C  [CoreUI+0xa0ac8]  -[CUIThemeFacet _drawSpecificRenditionKey:rendition:inFrame:context:alpha:operation:isFocused:isFlipped:]+0x11f
C  [CoreUI+0xa099a]  -[CUIThemeFacet _drawSpecificRenditionKey:inFrame:context:alpha:operation:isFocused:isFlipped:]+0xd0
C  [CoreUI+0x9ed80]  -[CUIThemeFacet drawInFrame:alpha:operation:isFocused:context:]+0xa0
C  [CoreUI+0x3abf9]  CUICoreThemeRenderer::DrawScrollBar(CUIDescriptor const*, signed char)+0x41f
C  [CoreUI+0x360aa]  CUICoreThemeRenderer::Draw(CUIDescriptor const*, CGAffineTransform, CUIReturnInfo&)+0x396
C  [CoreUI+0x9391]  CUIRenderer::Draw(CGRect, CGContext*, __CFDictionary const*, __CFDictionary const**)+0x8e3
C  [CoreUI+0x45d6e]  CUIDraw+0xd9
C  [JavaRuntimeSupport+0x3cec]  -[_JRSYosemiteAndLaterRenderer draw:inContext:withBounds:]+0x144
C  [JavaRuntimeSupport+0x3866]  JRSUIControlDraw+0x3d
C  [libosxui.dylib+0x2628]  doPaintImage+0x15e
C  [libosxui.dylib+0x274b]  Java_apple_laf_JRSUIControl_paintChangesImage+0xe7
J 4190  apple.laf.JRSUIControl.paintChangesImage([IIIJJJDDDDJ)I (0 bytes) @ 0x000000010426fcef [0x000000010426fbc0+0x12f]
J 4159 C1 apple.laf.JRSUIControl.paintImage([IIIDDDD)I (222 bytes) @ 0x000000010423c9f4 [0x000000010423b420+0x15d4]
J 4156 C1 com.apple.laf.AquaPainter$AquaSingleImagePainter.createImage(IIIILjava/awt/Rectangle;Lapple/laf/JRSUIControl;Lapple/laf/JRSUIState;)Ljava/awt/Image; (85 bytes) @ 0x0000000104239b8c [0x0000000104239480+0x70c]
J 3958 C1 com.apple.laf.AquaPainter$AquaSingleImagePainter$$Lambda$11.apply(Ljava/lang/Object;Ljava/lang/Object;)Ljava/lang/Object; (32 bytes) @ 0x000000010418f2f4 [0x000000010418eea0+0x454]
J 3043 C2 sun.awt.image.MultiResolutionCachedImage.getResolutionVariant(II)Ljava/awt/Image; (71 bytes) @ 0x0000000103f063dc [0x0000000103f06040+0x39c]
J 2020 C1 sun.awt.image.MultiResolutionCachedImage.getWidth(Ljava/awt/image/ImageObserver;)I (12 bytes) @ 0x0000000103b5532c [0x0000000103b55160+0x1cc]
J 2466 C1 sun.java2d.SunGraphics2D.drawImage(Ljava/awt/Image;IIIILjava/awt/Color;Ljava/awt/image/ImageObserver;)Z (197 bytes) @ 0x0000000103d060f4 [0x0000000103d05f00+0x1f4]
J 2465 C1 sun.java2d.SunGraphics2D.drawImage(Ljava/awt/Image;IIIILjava/awt/image/ImageObserver;)Z (15 bytes) @ 0x0000000103d02dcc [0x0000000103d02c80+0x14c]
J 2319 C1 com.apple.laf.AquaPainter$AquaSingleImagePainter.paintFromSingleCachedImage(Ljava/awt/Graphics2D;Lapple/laf/JRSUIControl;Lapple/laf/JRSUIState;Ljava/awt/Rectangle;)V (174 bytes) @ 0x0000000103c88f24 [0x0000000103c87a20+0x1504]
J 2318 C1 com.apple.laf.AquaPainter$AquaSingleImagePainter.paint(Ljava/awt/Graphics2D;Lapple/laf/JRSUIState;)V (14 bytes) @ 0x0000000103820324 [0x0000000103820280+0xa4]
J 2019 C1 com.apple.laf.AquaPainter.paint(Ljava/awt/Graphics;Ljava/awt/Component;IIII)V (50 bytes) @ 0x0000000103b5db14 [0x0000000103b5d540+0x5d4]
J 3837 C1 com.apple.laf.AquaScrollBarUI.paint(Ljava/awt/Graphics;Ljavax/swing/JComponent;)V (31 bytes) @ 0x0000000103c4d50c [0x0000000103c4d1e0+0x32c]
J 2280 C1 javax.swing.plaf.ComponentUI.update(Ljava/awt/Graphics;Ljavax/swing/JComponent;)V (36 bytes) @ 0x0000000103c46e44 [0x0000000103c466e0+0x764]
J 2032 C1 javax.swing.JComponent.paintComponent(Ljava/awt/Graphics;)V (44 bytes) @ 0x0000000103b6aab4 [0x0000000103b6a840+0x274]
J 2027 C1 javax.swing.JComponent.paint(Ljava/awt/Graphics;)V (409 bytes) @ 0x0000000103b648c4 [0x0000000103b62d00+0x1bc4]
J 3042 C1 javax.swing.JComponent.print(Ljava/awt/Graphics;)V (57 bytes) @ 0x0000000103efea3c [0x0000000103efe7e0+0x25c]
J 2705 C1 sun.lwawt.LWComponentPeer.paintPeer(Ljava/awt/Graphics;)V (54 bytes) @ 0x0000000103dc52d4 [0x0000000103dc4860+0xa74]
J 3429 C2 sun.awt.RepaintArea.paint(Ljava/lang/Object;Z)V (354 bytes) @ 0x0000000104027420 [0x0000000104026420+0x1000]
J 4288 C2 sun.lwawt.LWComponentPeer.handleEvent(Ljava/awt/AWTEvent;)V (104 bytes) @ 0x0000000103619430 [0x00000001036192e0+0x150]
J 3703 C2 java.awt.Component.dispatchEventImpl(Ljava/awt/AWTEvent;)V (883 bytes) @ 0x000000010412c7d0 [0x000000010412bae0+0xcf0]
J 3690 C2 java.awt.EventQueue$3.run()Ljava/lang/Object; (5 bytes) @ 0x0000000104101144 [0x0000000104100fa0+0x1a4]
v  ~StubRoutines::call_stub
V  [libjvm.dylib+0x2eab0e]  JavaCalls::call_helper(JavaValue*, methodHandle*, JavaCallArguments*, Thread*)+0x6ae
V  [libjvm.dylib+0x34afd8]  JVM_DoPrivileged+0x4b8
J 968  java.security.AccessController.doPrivileged(Ljava/security/PrivilegedAction;Ljava/security/AccessControlContext;)Ljava/lang/Object; (0 bytes) @ 0x000000010387cc15 [0x000000010387cb40+0xd5]
J 2803 C2 java.awt.EventQueue$4.run()Ljava/lang/Object; (5 bytes) @ 0x0000000103e17be8 [0x0000000103e178a0+0x348]
v  ~StubRoutines::call_stub
V  [libjvm.dylib+0x2eab0e]  JavaCalls::call_helper(JavaValue*, methodHandle*, JavaCallArguments*, Thread*)+0x6ae
V  [libjvm.dylib+0x34afd8]  JVM_DoPrivileged+0x4b8
J 968  java.security.AccessController.doPrivileged(Ljava/security/PrivilegedAction;Ljava/security/AccessControlContext;)Ljava/lang/Object; (0 bytes) @ 0x000000010387cc15 [0x000000010387cb40+0xd5]
J 2899 C2 java.awt.EventQueue.dispatchEvent(Ljava/awt/AWTEvent;)V (80 bytes) @ 0x00000001037b4084 [0x00000001037b3c40+0x444]
J 4480 C2 java.awt.EventDispatchThread.pumpOneEventForFilters(I)V (295 bytes) @ 0x0000000103fe9ad8 [0x0000000103fe88c0+0x1218]
j  java.awt.EventDispatchThread.pumpEventsForFilter(ILjava/awt/Conditional;Ljava/awt/EventFilter;)V+35
j  java.awt.EventDispatchThread.pumpEventsForHierarchy(ILjava/awt/Conditional;Ljava/awt/Component;)V+11
j  java.awt.EventDispatchThread.pumpEvents(ILjava/awt/Conditional;)V+4
j  java.awt.EventDispatchThread.pumpEvents(Ljava/awt/Conditional;)V+3
j  java.awt.EventDispatchThread.run()V+9
v  ~StubRoutines::call_stub
V  [libjvm.dylib+0x2eab0e]  JavaCalls::call_helper(JavaValue*, methodHandle*, JavaCallArguments*, Thread*)+0x6ae
V  [libjvm.dylib+0x2eb29c]  JavaCalls::call_virtual(JavaValue*, KlassHandle, Symbol*, Symbol*, JavaCallArguments*, Thread*)+0x164
V  [libjvm.dylib+0x2eb448]  JavaCalls::call_virtual(JavaValue*, Handle, KlassHandle, Symbol*, Symbol*, Thread*)+0x4a
V  [libjvm.dylib+0x345965]  thread_entry(JavaThread*, Thread*)+0x7c
V  [libjvm.dylib+0x5612d3]  JavaThread::thread_main_inner()+0x9b
V  [libjvm.dylib+0x5629ce]  JavaThread::run()+0x1c2
V  [libjvm.dylib+0x48343a]  java_start(Thread*)+0xf6
C  [libsystem_pthread.dylib+0x405a]  _pthread_body+0x83
C  [libsystem_pthread.dylib+0x3fd7]  _pthread_body+0x0
C  [libsystem_pthread.dylib+0x13ed]  thread_start+0xd
C  0x0000000000000000

Java frames: (J=compiled Java code, j=interpreted, Vv=VM code)
J 4190  apple.laf.JRSUIControl.paintChangesImage([IIIJJJDDDDJ)I (0 bytes) @ 0x000000010426fc2d [0x000000010426fbc0+0x6d]
J 4159 C1 apple.laf.JRSUIControl.paintImage([IIIDDDD)I (222 bytes) @ 0x000000010423c9f4 [0x000000010423b420+0x15d4]
J 4156 C1 com.apple.laf.AquaPainter$AquaSingleImagePainter.createImage(IIIILjava/awt/Rectangle;Lapple/laf/JRSUIControl;Lapple/laf/JRSUIState;)Ljava/awt/Image; (85 bytes) @ 0x0000000104239b8c [0x0000000104239480+0x70c]
J 3958 C1 com.apple.laf.AquaPainter$AquaSingleImagePainter$$Lambda$11.apply(Ljava/lang/Object;Ljava/lang/Object;)Ljava/lang/Object; (32 bytes) @ 0x000000010418f2f4 [0x000000010418eea0+0x454]
J 3043 C2 sun.awt.image.MultiResolutionCachedImage.getResolutionVariant(II)Ljava/awt/Image; (71 bytes) @ 0x0000000103f063dc [0x0000000103f06040+0x39c]
J 2020 C1 sun.awt.image.MultiResolutionCachedImage.getWidth(Ljava/awt/image/ImageObserver;)I (12 bytes) @ 0x0000000103b5532c [0x0000000103b55160+0x1cc]
J 2466 C1 sun.java2d.SunGraphics2D.drawImage(Ljava/awt/Image;IIIILjava/awt/Color;Ljava/awt/image/ImageObserver;)Z (197 bytes) @ 0x0000000103d060f4 [0x0000000103d05f00+0x1f4]
J 2465 C1 sun.java2d.SunGraphics2D.drawImage(Ljava/awt/Image;IIIILjava/awt/image/ImageObserver;)Z (15 bytes) @ 0x0000000103d02dcc [0x0000000103d02c80+0x14c]
J 2319 C1 com.apple.laf.AquaPainter$AquaSingleImagePainter.paintFromSingleCachedImage(Ljava/awt/Graphics2D;Lapple/laf/JRSUIControl;Lapple/laf/JRSUIState;Ljava/awt/Rectangle;)V (174 bytes) @ 0x0000000103c88f24 [0x0000000103c87a20+0x1504]
J 2318 C1 com.apple.laf.AquaPainter$AquaSingleImagePainter.paint(Ljava/awt/Graphics2D;Lapple/laf/JRSUIState;)V (14 bytes) @ 0x0000000103820324 [0x0000000103820280+0xa4]
J 2019 C1 com.apple.laf.AquaPainter.paint(Ljava/awt/Graphics;Ljava/awt/Component;IIII)V (50 bytes) @ 0x0000000103b5db14 [0x0000000103b5d540+0x5d4]
J 3837 C1 com.apple.laf.AquaScrollBarUI.paint(Ljava/awt/Graphics;Ljavax/swing/JComponent;)V (31 bytes) @ 0x0000000103c4d50c [0x0000000103c4d1e0+0x32c]
J 2280 C1 javax.swing.plaf.ComponentUI.update(Ljava/awt/Graphics;Ljavax/swing/JComponent;)V (36 bytes) @ 0x0000000103c46e44 [0x0000000103c466e0+0x764]
J 2032 C1 javax.swing.JComponent.paintComponent(Ljava/awt/Graphics;)V (44 bytes) @ 0x0000000103b6aab4 [0x0000000103b6a840+0x274]
J 2027 C1 javax.swing.JComponent.paint(Ljava/awt/Graphics;)V (409 bytes) @ 0x0000000103b648c4 [0x0000000103b62d00+0x1bc4]
J 3042 C1 javax.swing.JComponent.print(Ljava/awt/Graphics;)V (57 bytes) @ 0x0000000103efea3c [0x0000000103efe7e0+0x25c]
J 2705 C1 sun.lwawt.LWComponentPeer.paintPeer(Ljava/awt/Graphics;)V (54 bytes) @ 0x0000000103dc52d4 [0x0000000103dc4860+0xa74]
J 3429 C2 sun.awt.RepaintArea.paint(Ljava/lang/Object;Z)V (354 bytes) @ 0x0000000104027420 [0x0000000104026420+0x1000]
J 4288 C2 sun.lwawt.LWComponentPeer.handleEvent(Ljava/awt/AWTEvent;)V (104 bytes) @ 0x0000000103619430 [0x00000001036192e0+0x150]
J 3703 C2 java.awt.Component.dispatchEventImpl(Ljava/awt/AWTEvent;)V (883 bytes) @ 0x000000010412c7d0 [0x000000010412bae0+0xcf0]
J 3690 C2 java.awt.EventQueue$3.run()Ljava/lang/Object; (5 bytes) @ 0x0000000104101144 [0x0000000104100fa0+0x1a4]
v  ~StubRoutines::call_stub
J 968  java.security.AccessController.doPrivileged(Ljava/security/PrivilegedAction;Ljava/security/AccessControlContext;)Ljava/lang/Object; (0 bytes) @ 0x000000010387cba3 [0x000000010387cb40+0x63]
J 2803 C2 java.awt.EventQueue$4.run()Ljava/lang/Object; (5 bytes) @ 0x0000000103e17be8 [0x0000000103e178a0+0x348]
v  ~StubRoutines::call_stub
J 968  java.security.AccessController.doPrivileged(Ljava/security/PrivilegedAction;Ljava/security/AccessControlContext;)Ljava/lang/Object; (0 bytes) @ 0x000000010387cba3 [0x000000010387cb40+0x63]
J 2899 C2 java.awt.EventQueue.dispatchEvent(Ljava/awt/AWTEvent;)V (80 bytes) @ 0x00000001037b4084 [0x00000001037b3c40+0x444]
J 4480 C2 java.awt.EventDispatchThread.pumpOneEventForFilters(I)V (295 bytes) @ 0x0000000103fe9ad8 [0x0000000103fe88c0+0x1218]
j  java.awt.EventDispatchThread.pumpEventsForFilter(ILjava/awt/Conditional;Ljava/awt/EventFilter;)V+35
j  java.awt.EventDispatchThread.pumpEventsForHierarchy(ILjava/awt/Conditional;Ljava/awt/Component;)V+11
j  java.awt.EventDispatchThread.pumpEvents(ILjava/awt/Conditional;)V+4
j  java.awt.EventDispatchThread.pumpEvents(Ljava/awt/Conditional;)V+3
j  java.awt.EventDispatchThread.run()V+9
v  ~StubRoutines::call_stub

---------------  P R O C E S S  ---------------

Java Threads: ( => current thread )
  0x00007fbfc20c4000 JavaThread "pool-185-thread-1" [_thread_blocked, id=63831, stack(0x0000000191226000,0x0000000191326000)]
  0x00007fbfbcdfe800 JavaThread "pool-182-thread-1" [_thread_blocked, id=23067, stack(0x0000000191123000,0x0000000191223000)]
  0x00007fbfbce03800 JavaThread "pool-145-thread-1" [_thread_blocked, id=83471, stack(0x0000000191020000,0x0000000191120000)]
  0x00007fbfbbc4b800 JavaThread "pool-142-thread-1" [_thread_blocked, id=76299, stack(0x0000000190f1d000,0x000000019101d000)]
  0x00007fbfbbcda000 JavaThread "pool-105-thread-1" [_thread_blocked, id=83759, stack(0x0000000190e1a000,0x0000000190f1a000)]
  0x00007fbfbbdcb000 JavaThread "pool-102-thread-1" [_thread_blocked, id=76811, stack(0x0000000190bef000,0x0000000190cef000)]
  0x00007fbfc201b000 JavaThread "pool-65-thread-1" [_thread_blocked, id=65331, stack(0x00000001909d9000,0x0000000190ad9000)]
  0x00007fbfc2017800 JavaThread "pool-62-thread-1" [_thread_blocked, id=107687, stack(0x0000000190749000,0x0000000190849000)]
  0x00007fbfc2019000 JavaThread "pool-25-thread-1" [_thread_blocked, id=91795, stack(0x0000000190646000,0x0000000190746000)]
  0x00007fbfc20c3000 JavaThread "pool-22-thread-1" [_thread_blocked, id=69447, stack(0x000000018fede000,0x000000018ffde000)]
  0x00007fbfc1062800 JavaThread "Thread-1" [_thread_blocked, id=87135, stack(0x000000018de3f000,0x000000018df3f000)]
  0x00007fbfbc5d5000 JavaThread "zSelector" [_thread_blocked, id=107275, stack(0x000000019efff000,0x000000019f0ff000)]
  0x00007fbfbb0aa000 JavaThread "Tag Manager" [_thread_blocked, id=106531, stack(0x000000019ec67000,0x000000019ed67000)]
  0x00007fbfbc5f5000 JavaThread "zSelector" [_thread_blocked, id=105223, stack(0x000000019bdde000,0x000000019bede000)]
  0x00007fbfbb611000 JavaThread "Tag Manager" [_thread_blocked, id=104731, stack(0x000000019cdce000,0x000000019cece000)]
  0x00007fbfbbdcd800 JavaThread "zSelector" [_thread_blocked, id=103179, stack(0x0000000199c21000,0x0000000199d21000)]
  0x00007fbfbb59d000 JavaThread "Tag Manager" [_thread_blocked, id=102187, stack(0x000000019ad01000,0x000000019ae01000)]
  0x00007fbfbc33a800 JavaThread "zSelector" [_thread_blocked, id=101131, stack(0x0000000198bc9000,0x0000000198cc9000)]
  0x00007fbfbb788000 JavaThread "Tag Manager" [_thread_blocked, id=100627, stack(0x00000001988a4000,0x00000001989a4000)]
  0x00007fbfbba12800 JavaThread "zSelector" [_thread_blocked, id=98331, stack(0x00000001952a5000,0x00000001953a5000)]
  0x00007fbfbbed6800 JavaThread "Tag Manager" [_thread_blocked, id=97823, stack(0x0000000195d28000,0x0000000195e28000)]
  0x00007fbfbc6c6800 JavaThread "zSelector" [_thread_blocked, id=96527, stack(0x0000000194871000,0x0000000194971000)]
  0x00007fbfbcc98800 JavaThread "Tag Manager" [_thread_blocked, id=71971, stack(0x00000001943df000,0x00000001944df000)]
  0x00007fbfbbb14800 JavaThread "zSelector" [_thread_blocked, id=93707, stack(0x0000000191a98000,0x0000000191b98000)]
  0x00007fbfc0c55000 JavaThread "Tag Manager" [_thread_blocked, id=93211, stack(0x00000001923b6000,0x00000001924b6000)]
  0x00007fbfbc4da800 JavaThread "zSelector" [_thread_blocked, id=90651, stack(0x00000001914cf000,0x00000001915cf000)]
  0x00007fbfbc346000 JavaThread "Tag Manager" [_thread_blocked, id=90123, stack(0x000000018f38a000,0x000000018f48a000)]
  0x00007fbfbc40c000 JavaThread "zSelector" [_thread_blocked, id=88871, stack(0x000000018dd3c000,0x000000018de3c000)]
  0x00007fbfbb832000 JavaThread "Tag Manager" [_thread_blocked, id=80715, stack(0x000000018d9a4000,0x000000018daa4000)]
  0x00007fbfbba84800 JavaThread "zSelector" [_thread_blocked, id=80195, stack(0x0000000189a22000,0x0000000189b22000)]
  0x00007fbfbc509800 JavaThread "Tag Manager" [_thread_blocked, id=70255, stack(0x000000018b739000,0x000000018b839000)]
  0x00007fbfbb0ef000 JavaThread "TimerQueue" daemon [_thread_blocked, id=86547, stack(0x000000018a573000,0x000000018a673000)]
  0x00007fbfbb194800 JavaThread "Run$_diSPIM Monitor (MicroManager)" [_thread_blocked, id=63699, stack(0x0000000188914000,0x0000000188a14000)]
  0x00007fbfbb9f5800 JavaThread "DestroyJavaVM" [_thread_blocked, id=4867, stack(0x000000010338a000,0x000000010348a000)]
=>0x00007fbfbb2bd000 JavaThread "AWT-EventQueue-0" [_thread_in_native, id=59907, stack(0x0000000128764000,0x0000000128864000)]
  0x00007fbfbc954800 JavaThread "Java2D Disposer" daemon [_thread_blocked, id=55099, stack(0x0000000126762000,0x0000000126862000)]
  0x00007fbfbb912000 JavaThread "Java2D Queue Flusher" daemon [_thread_blocked, id=54839, stack(0x000000012577c000,0x000000012587c000)]
  0x00007fbfbc0c7800 JavaThread "AWT-Shutdown" [_thread_blocked, id=29715, stack(0x0000000122e3c000,0x0000000122f3c000)]
  0x00007fbfbb166800 JavaThread "AppKit Thread" daemon [_thread_in_native, id=1299, stack(0x00007fff5d948000,0x00007fff5e148000)]
  0x00007fbfbb80b800 JavaThread "Service Thread" daemon [_thread_blocked, id=19715, stack(0x0000000120f56000,0x0000000121056000)]
  0x00007fbfbb046000 JavaThread "C1 CompilerThread2" daemon [_thread_blocked, id=19203, stack(0x0000000120e53000,0x0000000120f53000)]
  0x00007fbfbb044000 JavaThread "C2 CompilerThread1" daemon [_thread_blocked, id=18691, stack(0x0000000120d50000,0x0000000120e50000)]
  0x00007fbfbc03f800 JavaThread "C2 CompilerThread0" daemon [_thread_in_native, id=18179, stack(0x0000000120c4d000,0x0000000120d4d000)]
  0x00007fbfbb800800 JavaThread "JDWP Command Reader" daemon [_thread_in_native, id=17667, stack(0x0000000120b4a000,0x0000000120c4a000)]
  0x00007fbfbc84a000 JavaThread "JDWP Event Helper Thread" daemon [_thread_blocked, id=17155, stack(0x0000000120a47000,0x0000000120b47000)]
  0x00007fbfbc83d800 JavaThread "JDWP Transport Listener: dt_socket" daemon [_thread_blocked, id=16643, stack(0x0000000120944000,0x0000000120a44000)]
  0x00007fbfbb038800 JavaThread "Signal Dispatcher" daemon [_thread_blocked, id=13335, stack(0x0000000120841000,0x0000000120941000)]
  0x00007fbfbb013800 JavaThread "Finalizer" daemon [_thread_blocked, id=11523, stack(0x000000011ee16000,0x000000011ef16000)]
  0x00007fbfbc83a800 JavaThread "Reference Handler" daemon [_thread_blocked, id=11011, stack(0x000000011ed13000,0x000000011ee13000)]

Other Threads:
  0x00007fbfbc837800 VMThread [stack: 0x000000011ec10000,0x000000011ed10000] [id=10499]
  0x00007fbfbc847800 WatcherThread [stack: 0x0000000121059000,0x0000000121159000] [id=20227]

VM state:not at safepoint (normal execution)

VM Mutex/Monitor currently owned by a thread: None

Heap:
 PSYoungGen      total 1257472K, used 207132K [0x0000000762400000, 0x00000007bfb80000, 0x00000007c0000000)
  eden space 1212416K, 15% used [0x0000000762400000,0x000000076d9d7420,0x00000007ac400000)
  from space 45056K, 46% used [0x00000007ac400000,0x00000007ad86fdd8,0x00000007af000000)
  to   space 43520K, 0% used [0x00000007bd100000,0x00000007bd100000,0x00000007bfb80000)
 ParOldGen       total 170496K, used 130739K [0x00000006a6c00000, 0x00000006b1280000, 0x0000000762400000)
  object space 170496K, 76% used [0x00000006a6c00000,0x00000006aebacf00,0x00000006b1280000)
 Metaspace       used 23326K, capacity 23662K, committed 24064K, reserved 1071104K
  class space    used 2636K, capacity 2724K, committed 2816K, reserved 1048576K

Card table byte_map: [0x00000001128cc000,0x0000000113197000] byte_map_base: 0x000000010f396000

Marking Bits: (ParMarkBitMap*) 0x0000000102cdee20
 Begin Bits: [0x0000000113b7f000, 0x00000001181cf000)
 End Bits:   [0x00000001181cf000, 0x000000011c81f000)

Polling page: 0x0000000101bdc000

CodeCache: size=245760Kb used=14468Kb max_used=14522Kb free=231291Kb
 bounds [0x000000010350c000, 0x000000010437c000, 0x000000011250c000]
 total_blobs=4415 nmethods=3813 adapters=520
 compilation: enabled

Compilation events (10 events):
Event: 93.305 Thread 0x00007fbfbb046000 4479 % !   3       ij.gui.StackWindow::run @ 3 (95 bytes)
Event: 93.306 Thread 0x00007fbfbb046000 nmethod 4479% 0x0000000103810cd0 code [0x0000000103810ea0, 0x00000001038116b8]
Event: 93.348 Thread 0x00007fbfbb044000 4480   !   4       java.awt.EventDispatchThread::pumpOneEventForFilters (295 bytes)
Event: 93.610 Thread 0x00007fbfbb044000 nmethod 4480 0x0000000103fe82d0 code [0x0000000103fe88c0, 0x0000000103fed3d8]
Event: 93.610 Thread 0x00007fbfbb044000 4481       4       java.util.regex.Pattern$Curly::match0 (174 bytes)
Event: 93.636 Thread 0x00007fbfbb044000 nmethod 4481 0x0000000103e5e6d0 code [0x0000000103e5e940, 0x0000000103e5fc38]
Event: 93.636 Thread 0x00007fbfbb044000 4483       4       java.awt.Component::getCursor_NoClientCode (30 bytes)
Event: 93.642 Thread 0x00007fbfbb044000 nmethod 4483 0x00000001039aa510 code [0x00000001039aa660, 0x00000001039aa768]
Event: 93.642 Thread 0x00007fbfbb044000 4482       4       java.util.regex.Pattern$CharProperty::study (29 bytes)
Event: 93.644 Thread 0x00007fbfbb044000 nmethod 4482 0x00000001039aa050 code [0x00000001039aa1a0, 0x00000001039aa2f8]

GC Heap History (10 events):
Event: 58.980 GC heap before
{Heap before GC invocations=10 (full 1):
 PSYoungGen      total 551424K, used 34342K [0x0000000762400000, 0x0000000799800000, 0x00000007c0000000)
  eden space 501760K, 0% used [0x0000000762400000,0x0000000762400000,0x0000000780e00000)
  from space 49664K, 69% used [0x0000000780e00000,0x0000000782f899f0,0x0000000783e80000)
  to   space 51200K, 0% used [0x0000000796600000,0x0000000796600000,0x0000000799800000)
 ParOldGen       total 175104K, used 60021K [0x00000006a6c00000, 0x00000006b1700000, 0x0000000762400000)
  object space 175104K, 34% used [0x00000006a6c00000,0x00000006aa69d668,0x00000006b1700000)
 Metaspace       used 20821K, capacity 21087K, committed 21248K, reserved 1069056K
  class space    used 2421K, capacity 2495K, committed 2560K, reserved 1048576K
Event: 59.056 GC heap after
Heap after GC invocations=10 (full 1):
 PSYoungGen      total 551424K, used 0K [0x0000000762400000, 0x0000000799800000, 0x00000007c0000000)
  eden space 501760K, 0% used [0x0000000762400000,0x0000000762400000,0x0000000780e00000)
  from space 49664K, 0% used [0x0000000780e00000,0x0000000780e00000,0x0000000783e80000)
  to   space 51200K, 0% used [0x0000000796600000,0x0000000796600000,0x0000000799800000)
 ParOldGen       total 170496K, used 85158K [0x00000006a6c00000, 0x00000006b1280000, 0x0000000762400000)
  object space 170496K, 49% used [0x00000006a6c00000,0x00000006abf29990,0x00000006b1280000)
 Metaspace       used 20821K, capacity 21087K, committed 21248K, reserved 1069056K
  class space    used 2421K, capacity 2495K, committed 2560K, reserved 1048576K
}
Event: 66.115 GC heap before
{Heap before GC invocations=11 (full 1):
 PSYoungGen      total 551424K, used 501760K [0x0000000762400000, 0x0000000799800000, 0x00000007c0000000)
  eden space 501760K, 100% used [0x0000000762400000,0x0000000780e00000,0x0000000780e00000)
  from space 49664K, 0% used [0x0000000780e00000,0x0000000780e00000,0x0000000783e80000)
  to   space 51200K, 0% used [0x0000000796600000,0x0000000796600000,0x0000000799800000)
 ParOldGen       total 170496K, used 85158K [0x00000006a6c00000, 0x00000006b1280000, 0x0000000762400000)
  object space 170496K, 49% used [0x00000006a6c00000,0x00000006abf29990,0x00000006b1280000)
 Metaspace       used 22596K, capacity 22912K, committed 23012K, reserved 1069056K
  class space    used 2599K, capacity 2687K, committed 2688K, reserved 1048576K
Event: 66.150 GC heap after
Heap after GC invocations=11 (full 1):
 PSYoungGen      total 804864K, used 22416K [0x0000000762400000, 0x0000000797e00000, 0x00000007c0000000)
  eden space 780288K, 0% used [0x0000000762400000,0x0000000762400000,0x0000000791e00000)
  from space 24576K, 91% used [0x0000000796600000,0x0000000797be4340,0x0000000797e00000)
  to   space 49152K, 0% used [0x0000000791e00000,0x0000000791e00000,0x0000000794e00000)
 ParOldGen       total 170496K, used 85166K [0x00000006a6c00000, 0x00000006b1280000, 0x0000000762400000)
  object space 170496K, 49% used [0x00000006a6c00000,0x00000006abf2b990,0x00000006b1280000)
 Metaspace       used 22596K, capacity 22912K, committed 23012K, reserved 1069056K
  class space    used 2599K, capacity 2687K, committed 2688K, reserved 1048576K
}
Event: 67.634 GC heap before
{Heap before GC invocations=12 (full 1):
 PSYoungGen      total 804864K, used 802704K [0x0000000762400000, 0x0000000797e00000, 0x00000007c0000000)
  eden space 780288K, 100% used [0x0000000762400000,0x0000000791e00000,0x0000000791e00000)
  from space 24576K, 91% used [0x0000000796600000,0x0000000797be4340,0x0000000797e00000)
  to   space 49152K, 0% used [0x0000000791e00000,0x0000000791e00000,0x0000000794e00000)
 ParOldGen       total 170496K, used 85166K [0x00000006a6c00000, 0x00000006b1280000, 0x0000000762400000)
  object space 170496K, 49% used [0x00000006a6c00000,0x00000006abf2b990,0x00000006b1280000)
 Metaspace       used 22768K, capacity 23040K, committed 23168K, reserved 1069056K
  class space    used 2599K, capacity 2687K, committed 2688K, reserved 1048576K
Event: 67.651 GC heap after
Heap after GC invocations=12 (full 1):
 PSYoungGen      total 829440K, used 25239K [0x0000000762400000, 0x00000007b1d80000, 0x00000007c0000000)
  eden space 780288K, 0% used [0x0000000762400000,0x0000000762400000,0x0000000791e00000)
  from space 49152K, 51% used [0x0000000791e00000,0x00000007936a5e00,0x0000000794e00000)
  to   space 46592K, 0% used [0x00000007af000000,0x00000007af000000,0x00000007b1d80000)
 ParOldGen       total 170496K, used 104747K [0x00000006a6c00000, 0x00000006b1280000, 0x0000000762400000)
  object space 170496K, 61% used [0x00000006a6c00000,0x00000006ad24af50,0x00000006b1280000)
 Metaspace       used 22768K, capacity 23040K, committed 23168K, reserved 1069056K
  class space    used 2599K, capacity 2687K, committed 2688K, reserved 1048576K
}
Event: 69.548 GC heap before
{Heap before GC invocations=13 (full 1):
 PSYoungGen      total 829440K, used 805527K [0x0000000762400000, 0x00000007b1d80000, 0x00000007c0000000)
  eden space 780288K, 100% used [0x0000000762400000,0x0000000791e00000,0x0000000791e00000)
  from space 49152K, 51% used [0x0000000791e00000,0x00000007936a5e00,0x0000000794e00000)
  to   space 46592K, 0% used [0x00000007af000000,0x00000007af000000,0x00000007b1d80000)
 ParOldGen       total 170496K, used 104747K [0x00000006a6c00000, 0x00000006b1280000, 0x0000000762400000)
  object space 170496K, 61% used [0x00000006a6c00000,0x00000006ad24af50,0x00000006b1280000)
 Metaspace       used 22902K, capacity 23232K, committed 23424K, reserved 1071104K
  class space    used 2603K, capacity 2687K, committed 2688K, reserved 1048576K
Event: 69.623 GC heap after
Heap after GC invocations=13 (full 1):
 PSYoungGen      total 1259008K, used 25597K [0x0000000762400000, 0x00000007b2480000, 0x00000007c0000000)
  eden space 1212416K, 0% used [0x0000000762400000,0x0000000762400000,0x00000007ac400000)
  from space 46592K, 54% used [0x00000007af000000,0x00000007b08ff700,0x00000007b1d80000)
  to   space 45056K, 0% used [0x00000007ac400000,0x00000007ac400000,0x00000007af000000)
 ParOldGen       total 170496K, used 125120K [0x00000006a6c00000, 0x00000006b1280000, 0x0000000762400000)
  object space 170496K, 73% used [0x00000006a6c00000,0x00000006ae6303b0,0x00000006b1280000)
 Metaspace       used 22902K, capacity 23232K, committed 23424K, reserved 1071104K
  class space    used 2603K, capacity 2687K, committed 2688K, reserved 1048576K
}
Event: 93.159 GC heap before
{Heap before GC invocations=14 (full 1):
 PSYoungGen      total 1259008K, used 1238013K [0x0000000762400000, 0x00000007b2480000, 0x00000007c0000000)
  eden space 1212416K, 100% used [0x0000000762400000,0x00000007ac400000,0x00000007ac400000)
  from space 46592K, 54% used [0x00000007af000000,0x00000007b08ff700,0x00000007b1d80000)
  to   space 45056K, 0% used [0x00000007ac400000,0x00000007ac400000,0x00000007af000000)
 ParOldGen       total 170496K, used 125120K [0x00000006a6c00000, 0x00000006b1280000, 0x0000000762400000)
  object space 170496K, 73% used [0x00000006a6c00000,0x00000006ae6303b0,0x00000006b1280000)
 Metaspace       used 23321K, capacity 23662K, committed 24064K, reserved 1071104K
  class space    used 2636K, capacity 2724K, committed 2816K, reserved 1048576K
Event: 93.196 GC heap after
Heap after GC invocations=14 (full 1):
 PSYoungGen      total 1257472K, used 20927K [0x0000000762400000, 0x00000007bfb80000, 0x00000007c0000000)
  eden space 1212416K, 0% used [0x0000000762400000,0x0000000762400000,0x00000007ac400000)
  from space 45056K, 46% used [0x00000007ac400000,0x00000007ad86fdd8,0x00000007af000000)
  to   space 43520K, 0% used [0x00000007bd100000,0x00000007bd100000,0x00000007bfb80000)
 ParOldGen       total 170496K, used 130739K [0x00000006a6c00000, 0x00000006b1280000, 0x0000000762400000)
  object space 170496K, 76% used [0x00000006a6c00000,0x00000006aebacf00,0x00000006b1280000)
 Metaspace       used 23321K, capacity 23662K, committed 24064K, reserved 1071104K
  class space    used 2636K, capacity 2724K, committed 2816K, reserved 1048576K
}

Deoptimization events (10 events):
Event: 60.694 Thread 0x00007fbfbb194800 Uncommon trap: reason=unstable_if action=reinterpret pc=0x00000001040ebdb0 method=ij.process.ShortProcessor.fill(Lij/process/ImageProcessor;)V @ 142
Event: 65.544 Thread 0x00007fbfbb2bd000 Uncommon trap: reason=bimorphic action=maybe_recompile pc=0x00000001040fdf3c method=java.util.Hashtable.put(Ljava/lang/Object;Ljava/lang/Object;)Ljava/lang/Object; @ 60
Event: 65.595 Thread 0x00007fbfbb2bd000 Uncommon trap: reason=unstable_if action=reinterpret pc=0x00000001039e851c method=java.util.LinkedHashMap.afterNodeAccess(Ljava/util/HashMap$Node;)V @ 4
Event: 65.630 Thread 0x00007fbfbb2bd000 Uncommon trap: reason=null_check action=make_not_entrant pc=0x0000000103a3f704 method=java.awt.Component.repaintParentIfNeeded(IIII)V @ 11
Event: 65.652 Thread 0x00007fbfbb2bd000 Uncommon trap: reason=class_check action=maybe_recompile pc=0x0000000103e712b8 method=javax.swing.SwingPaintEventDispatcher.createPaintEvent(Ljava/awt/Component;IIII)Ljava/awt/event/PaintEvent; @ 29
Event: 65.658 Thread 0x00007fbfbb166800 Uncommon trap: reason=class_check action=maybe_recompile pc=0x0000000103e712b8 method=javax.swing.SwingPaintEventDispatcher.createPaintEvent(Ljava/awt/Component;IIII)Ljava/awt/event/PaintEvent; @ 29
Event: 67.966 Thread 0x00007fbfbb2bd000 Uncommon trap: reason=unstable_if action=reinterpret pc=0x0000000103b16ea0 method=java.lang.StrictMath.floorOrCeil(DDDD)D @ 115
Event: 67.967 Thread 0x00007fbfbb2bd000 Uncommon trap: reason=unstable_if action=reinterpret pc=0x00000001040914d4 method=java.lang.StrictMath.floorOrCeil(DDDD)D @ 115
Event: 74.028 Thread 0x00007fbfbb2bd000 Uncommon trap: reason=unstable_if action=reinterpret pc=0x00000001042cc618 method=ij.text.TextCanvas.paint(Ljava/awt/Graphics;)V @ 309
Event: 80.706 Thread 0x00007fbfbb2bd000 Uncommon trap: reason=unstable_if action=reinterpret pc=0x00000001042a21dc method=ij.text.TextCanvas.paint(Ljava/awt/Graphics;)V @ 309

Internal exceptions (10 events):
Event: 25.797 Thread 0x00007fbfbc4b5800 Exception <a 'java/lang/InterruptedException': sleep interrupted> (0x00000007644bd6d0) thrown at [/Users/java_re/workspace/8-2-build-macosx-x86_64/jdk8u60/4407/hotspot/src/share/vm/prims/jvm.cpp, line 3167]
Event: 43.345 Thread 0x00007fbfbb2bd000 Implicit null exception at 0x0000000103d92eac to 0x0000000103d94d75
Event: 51.853 Thread 0x00007fbfbb194800 Implicit null exception at 0x0000000103f5f603 to 0x0000000103f614d5
Event: 51.853 Thread 0x00007fbfbb194800 Implicit null exception at 0x0000000103f079ef to 0x0000000103f07d3d
Event: 51.855 Thread 0x00007fbfbb194800 Implicit null exception at 0x00000001038196a9 to 0x0000000103819997
Event: 65.630 Thread 0x00007fbfbb2bd000 Implicit null exception at 0x0000000103a3c929 to 0x0000000103a3f6c1
Event: 71.812 Thread 0x00007fbfbb194800 Exception <a 'java/io/IOException'> (0x00000007953a1400) thrown at [/Users/java_re/workspace/8-2-build-macosx-x86_64/jdk8u60/4407/hotspot/src/share/vm/prims/jni.cpp, line 709]
Event: 82.142 Thread 0x00007fbfbb194800 Exception <a 'sun/nio/fs/UnixException'> (0x00000007953c5350) thrown at [/Users/java_re/workspace/8-2-build-macosx-x86_64/jdk8u60/4407/hotspot/src/share/vm/prims/jni.cpp, line 709]
Event: 82.149 Thread 0x00007fbfbb194800 Exception <a 'java/io/IOException'> (0x00000007953cd050) thrown at [/Users/java_re/workspace/8-2-build-macosx-x86_64/jdk8u60/4407/hotspot/src/share/vm/prims/jni.cpp, line 709]
Event: 92.446 Thread 0x00007fbfbb194800 Exception <a 'sun/nio/fs/UnixException'> (0x00000007953ecf78) thrown at [/Users/java_re/workspace/8-2-build-macosx-x86_64/jdk8u60/4407/hotspot/src/share/vm/prims/jni.cpp, line 709]

Events (10 events):
Event: 87.522 Thread 0x00007fbfbb046000 flushing nmethod 0x00000001040eb790
Event: 91.836 Executing VM operation: RevokeBias
Event: 91.836 Executing VM operation: RevokeBias done
Event: 91.836 Thread 0x00007fbfbc4d9800 Thread exited: 0x00007fbfbc4d9800
Event: 92.490 Executing VM operation: RevokeBias
Event: 92.491 Executing VM operation: RevokeBias done
Event: 92.495 Executing VM operation: RevokeBias
Event: 92.495 Executing VM operation: RevokeBias done
Event: 93.159 Executing VM operation: ParallelGCFailedAllocation
Event: 93.196 Executing VM operation: ParallelGCFailedAllocation done


Dynamic libraries:
0x0000000008c81000 	/System/Library/Frameworks/Cocoa.framework/Versions/A/Cocoa
0x0000000008c81000 	/System/Library/Frameworks/Security.framework/Versions/A/Security
0x0000000008c81000 	/System/Library/Frameworks/ApplicationServices.framework/Versions/A/ApplicationServices
0x0000000008c81000 	/usr/lib/libz.1.dylib
0x0000000008c81000 	/usr/lib/libSystem.B.dylib
0x0000000008c81000 	/usr/lib/libobjc.A.dylib
0x0000000008c81000 	/System/Library/Frameworks/CoreFoundation.framework/Versions/A/CoreFoundation
0x0000000008c81000 	/System/Library/Frameworks/Foundation.framework/Versions/C/Foundation
0x0000000008c81000 	/System/Library/Frameworks/AppKit.framework/Versions/C/AppKit
0x0000000008c81000 	/System/Library/Frameworks/CoreData.framework/Versions/A/CoreData
0x0000000008c81000 	/System/Library/PrivateFrameworks/RemoteViewServices.framework/Versions/A/RemoteViewServices
0x0000000008c81000 	/System/Library/PrivateFrameworks/UIFoundation.framework/Versions/A/UIFoundation
0x0000000008c81000 	/System/Library/Frameworks/IOSurface.framework/Versions/A/IOSurface
0x0000000008c81000 	/System/Library/Frameworks/AudioToolbox.framework/Versions/A/AudioToolbox
0x0000000008c81000 	/System/Library/Frameworks/AudioUnit.framework/Versions/A/AudioUnit
0x0000000008c81000 	/System/Library/PrivateFrameworks/DataDetectorsCore.framework/Versions/A/DataDetectorsCore
0x0000000008c81000 	/System/Library/PrivateFrameworks/DesktopServicesPriv.framework/Versions/A/DesktopServicesPriv
0x0000000008c81000 	/System/Library/Frameworks/Carbon.framework/Versions/A/Frameworks/HIToolbox.framework/Versions/A/HIToolbox
0x0000000008c81000 	/System/Library/Frameworks/QuartzCore.framework/Versions/A/QuartzCore
0x0000000008c81000 	/System/Library/Frameworks/Carbon.framework/Versions/A/Frameworks/SpeechRecognition.framework/Versions/A/SpeechRecognition
0x0000000008c81000 	/usr/lib/libauto.dylib
0x0000000008c81000 	/usr/lib/libicucore.A.dylib
0x0000000008c81000 	/usr/lib/libxml2.2.dylib
0x0000000008c81000 	/System/Library/PrivateFrameworks/CoreUI.framework/Versions/A/CoreUI
0x0000000008c81000 	/System/Library/Frameworks/CoreAudio.framework/Versions/A/CoreAudio
0x0000000008c81000 	/System/Library/Frameworks/DiskArbitration.framework/Versions/A/DiskArbitration
0x0000000008c81000 	/usr/lib/liblangid.dylib
0x0000000008c81000 	/System/Library/PrivateFrameworks/MultitouchSupport.framework/Versions/A/MultitouchSupport
0x0000000008c81000 	/System/Library/Frameworks/IOKit.framework/Versions/A/IOKit
0x0000000008c81000 	/usr/lib/libDiagnosticMessagesClient.dylib
0x0000000008c81000 	/System/Library/Frameworks/CoreServices.framework/Versions/A/CoreServices
0x0000000008c81000 	/System/Library/PrivateFrameworks/PerformanceAnalysis.framework/Versions/A/PerformanceAnalysis
0x0000000008c81000 	/System/Library/PrivateFrameworks/GenerationalStorage.framework/Versions/A/GenerationalStorage
0x0000000008c81000 	/System/Library/Frameworks/OpenGL.framework/Versions/A/OpenGL
0x0000000008c81000 	/System/Library/PrivateFrameworks/Sharing.framework/Versions/A/Sharing
0x0000000008c81000 	/System/Library/Frameworks/CoreGraphics.framework/Versions/A/CoreGraphics
0x0000000008c81000 	/System/Library/Frameworks/CoreText.framework/Versions/A/CoreText
0x0000000008c81000 	/System/Library/Frameworks/ImageIO.framework/Versions/A/ImageIO
0x0000000008c81000 	/usr/lib/libextension.dylib
0x0000000008c81000 	/System/Library/PrivateFrameworks/Backup.framework/Versions/A/Backup
0x0000000008c81000 	/usr/lib/libarchive.2.dylib
0x0000000008c81000 	/System/Library/Frameworks/CFNetwork.framework/Versions/A/CFNetwork
0x0000000008c81000 	/System/Library/Frameworks/SystemConfiguration.framework/Versions/A/SystemConfiguration
0x0000000008c81000 	/usr/lib/libCRFSuite.dylib
0x0000000008c81000 	/usr/lib/libc++.1.dylib
0x0000000008c81000 	/usr/lib/libc++abi.dylib
0x0000000008c81000 	/usr/lib/system/libcache.dylib
0x0000000008c81000 	/usr/lib/system/libcommonCrypto.dylib
0x0000000008c81000 	/usr/lib/system/libcompiler_rt.dylib
0x0000000008c81000 	/usr/lib/system/libcopyfile.dylib
0x0000000008c81000 	/usr/lib/system/libcorecrypto.dylib
0x0000000008c81000 	/usr/lib/system/libdispatch.dylib
0x0000000008c81000 	/usr/lib/system/libdyld.dylib
0x0000000008c81000 	/usr/lib/system/libkeymgr.dylib
0x0000000008c81000 	/usr/lib/system/liblaunch.dylib
0x0000000008c81000 	/usr/lib/system/libmacho.dylib
0x0000000008c81000 	/usr/lib/system/libquarantine.dylib
0x0000000008c81000 	/usr/lib/system/libremovefile.dylib
0x0000000008c81000 	/usr/lib/system/libsystem_asl.dylib
0x0000000008c81000 	/usr/lib/system/libsystem_blocks.dylib
0x0000000008c81000 	/usr/lib/system/libsystem_c.dylib
0x0000000008c81000 	/usr/lib/system/libsystem_configuration.dylib
0x0000000008c81000 	/usr/lib/system/libsystem_coreservices.dylib
0x0000000008c81000 	/usr/lib/system/libsystem_coretls.dylib
0x0000000008c81000 	/usr/lib/system/libsystem_dnssd.dylib
0x0000000008c81000 	/usr/lib/system/libsystem_info.dylib
0x0000000008c81000 	/usr/lib/system/libsystem_kernel.dylib
0x0000000008c81000 	/usr/lib/system/libsystem_m.dylib
0x0000000008c81000 	/usr/lib/system/libsystem_malloc.dylib
0x0000000008c81000 	/usr/lib/system/libsystem_network.dylib
0x0000000008c81000 	/usr/lib/system/libsystem_networkextension.dylib
0x0000000008c81000 	/usr/lib/system/libsystem_notify.dylib
0x0000000008c81000 	/usr/lib/system/libsystem_platform.dylib
0x0000000008c81000 	/usr/lib/system/libsystem_pthread.dylib
0x0000000008c81000 	/usr/lib/system/libsystem_sandbox.dylib
0x0000000008c81000 	/usr/lib/system/libsystem_secinit.dylib
0x0000000008c81000 	/usr/lib/system/libsystem_stats.dylib
0x0000000008c81000 	/usr/lib/system/libsystem_trace.dylib
0x0000000008c81000 	/usr/lib/system/libunc.dylib
0x0000000008c81000 	/usr/lib/system/libunwind.dylib
0x0000000008c81000 	/usr/lib/system/libxpc.dylib
0x0000000008c81000 	/usr/lib/libbz2.1.0.dylib
0x0000000008c81000 	/usr/lib/liblzma.5.dylib
0x0000000008c81000 	/usr/lib/libbsm.0.dylib
0x0000000008c81000 	/usr/lib/libsqlite3.dylib
0x0000000008c81000 	/usr/lib/system/libkxld.dylib
0x0000000008c81000 	/usr/lib/libxar.1.dylib
0x0000000008c81000 	/usr/lib/libpam.2.dylib
0x0000000008c81000 	/usr/lib/libOpenScriptingUtil.dylib
0x0000000008c81000 	/System/Library/Frameworks/CoreServices.framework/Versions/A/Frameworks/FSEvents.framework/Versions/A/FSEvents
0x0000000008c81000 	/System/Library/Frameworks/CoreServices.framework/Versions/A/Frameworks/CarbonCore.framework/Versions/A/CarbonCore
0x0000000008c81000 	/System/Library/Frameworks/CoreServices.framework/Versions/A/Frameworks/Metadata.framework/Versions/A/Metadata
0x0000000008c81000 	/System/Library/Frameworks/CoreServices.framework/Versions/A/Frameworks/OSServices.framework/Versions/A/OSServices
0x0000000008c81000 	/System/Library/Frameworks/CoreServices.framework/Versions/A/Frameworks/SearchKit.framework/Versions/A/SearchKit
0x0000000008c81000 	/System/Library/Frameworks/CoreServices.framework/Versions/A/Frameworks/AE.framework/Versions/A/AE
0x0000000008c81000 	/System/Library/Frameworks/CoreServices.framework/Versions/A/Frameworks/LaunchServices.framework/Versions/A/LaunchServices
0x0000000008c81000 	/System/Library/Frameworks/CoreServices.framework/Versions/A/Frameworks/DictionaryServices.framework/Versions/A/DictionaryServices
0x0000000008c81000 	/System/Library/Frameworks/NetFS.framework/Versions/A/NetFS
0x0000000008c81000 	/System/Library/PrivateFrameworks/NetAuth.framework/Versions/A/NetAuth
0x0000000008c81000 	/System/Library/PrivateFrameworks/login.framework/Versions/A/Frameworks/loginsupport.framework/Versions/A/loginsupport
0x0000000008c81000 	/System/Library/PrivateFrameworks/TCC.framework/Versions/A/TCC
0x0000000008c81000 	/usr/lib/libmecabra.dylib
0x0000000008c81000 	/System/Library/Frameworks/ApplicationServices.framework/Versions/A/Frameworks/ATS.framework/Versions/A/ATS
0x0000000008c81000 	/System/Library/Frameworks/ApplicationServices.framework/Versions/A/Frameworks/ColorSync.framework/Versions/A/ColorSync
0x0000000008c81000 	/System/Library/Frameworks/ApplicationServices.framework/Versions/A/Frameworks/HIServices.framework/Versions/A/HIServices
0x0000000008c81000 	/System/Library/Frameworks/ApplicationServices.framework/Versions/A/Frameworks/LangAnalysis.framework/Versions/A/LangAnalysis
0x0000000008c81000 	/System/Library/Frameworks/ApplicationServices.framework/Versions/A/Frameworks/PrintCore.framework/Versions/A/PrintCore
0x0000000008c81000 	/System/Library/Frameworks/ApplicationServices.framework/Versions/A/Frameworks/QD.framework/Versions/A/QD
0x0000000008c81000 	/System/Library/Frameworks/ApplicationServices.framework/Versions/A/Frameworks/SpeechSynthesis.framework/Versions/A/SpeechSynthesis
0x0000000008c81000 	/System/Library/Frameworks/Accelerate.framework/Versions/A/Accelerate
0x0000000008c81000 	/System/Library/Frameworks/Accelerate.framework/Versions/A/Frameworks/vImage.framework/Versions/A/vImage
0x0000000008c81000 	/System/Library/Frameworks/Accelerate.framework/Versions/A/Frameworks/vecLib.framework/Versions/A/vecLib
0x0000000008c81000 	/System/Library/Frameworks/Accelerate.framework/Versions/A/Frameworks/vecLib.framework/Versions/A/libvDSP.dylib
0x0000000008c81000 	/System/Library/Frameworks/Accelerate.framework/Versions/A/Frameworks/vecLib.framework/Versions/A/libvMisc.dylib
0x0000000008c81000 	/System/Library/Frameworks/Accelerate.framework/Versions/A/Frameworks/vecLib.framework/Versions/A/libLAPACK.dylib
0x0000000008c81000 	/System/Library/Frameworks/Accelerate.framework/Versions/A/Frameworks/vecLib.framework/Versions/A/libBLAS.dylib
0x0000000008c81000 	/System/Library/Frameworks/Accelerate.framework/Versions/A/Frameworks/vecLib.framework/Versions/A/libLinearAlgebra.dylib
0x0000000008c81000 	/System/Library/Frameworks/ApplicationServices.framework/Versions/A/Frameworks/ATS.framework/Versions/A/Resources/libFontParser.dylib
0x0000000008c81000 	/System/Library/Frameworks/ApplicationServices.framework/Versions/A/Frameworks/ATS.framework/Versions/A/Resources/libFontRegistry.dylib
0x0000000008c81000 	/System/Library/PrivateFrameworks/AppleVPA.framework/Versions/A/AppleVPA
0x0000000008c81000 	/System/Library/PrivateFrameworks/AppleJPEG.framework/Versions/A/AppleJPEG
0x0000000008c81000 	/System/Library/Frameworks/ImageIO.framework/Versions/A/Resources/libJPEG.dylib
0x0000000008c81000 	/System/Library/Frameworks/ImageIO.framework/Versions/A/Resources/libTIFF.dylib
0x0000000008c81000 	/System/Library/Frameworks/ImageIO.framework/Versions/A/Resources/libPng.dylib
0x0000000008c81000 	/System/Library/Frameworks/ImageIO.framework/Versions/A/Resources/libGIF.dylib
0x0000000008c81000 	/System/Library/Frameworks/ImageIO.framework/Versions/A/Resources/libJP2.dylib
0x0000000008c81000 	/System/Library/Frameworks/ImageIO.framework/Versions/A/Resources/libRadiance.dylib
0x0000000008c81000 	/System/Library/Frameworks/CoreVideo.framework/Versions/A/CoreVideo
0x0000000008c81000 	/System/Library/Frameworks/OpenGL.framework/Versions/A/Libraries/libGLU.dylib
0x0000000008c81000 	/System/Library/Frameworks/OpenGL.framework/Versions/A/Libraries/libGFXShared.dylib
0x0000000008c81000 	/System/Library/Frameworks/OpenGL.framework/Versions/A/Libraries/libGL.dylib
0x0000000008c81000 	/System/Library/Frameworks/OpenGL.framework/Versions/A/Libraries/libGLImage.dylib
0x0000000008c81000 	/System/Library/Frameworks/OpenGL.framework/Versions/A/Libraries/libCVMSPluginSupport.dylib
0x0000000008c81000 	/System/Library/Frameworks/OpenGL.framework/Versions/A/Libraries/libCoreVMClient.dylib
0x0000000008c81000 	/usr/lib/libcups.2.dylib
0x0000000008c81000 	/System/Library/Frameworks/Kerberos.framework/Versions/A/Kerberos
0x0000000008c81000 	/System/Library/Frameworks/GSS.framework/Versions/A/GSS
0x0000000008c81000 	/usr/lib/libresolv.9.dylib
0x0000000008c81000 	/usr/lib/libiconv.2.dylib
0x0000000008c81000 	/System/Library/PrivateFrameworks/Heimdal.framework/Versions/A/Heimdal
0x0000000008c81000 	/usr/lib/libheimdal-asn1.dylib
0x0000000008c81000 	/System/Library/Frameworks/OpenDirectory.framework/Versions/A/OpenDirectory
0x0000000008c81000 	/System/Library/PrivateFrameworks/CommonAuth.framework/Versions/A/CommonAuth
0x0000000008c81000 	/System/Library/Frameworks/OpenDirectory.framework/Versions/A/Frameworks/CFOpenDirectory.framework/Versions/A/CFOpenDirectory
0x0000000008c81000 	/System/Library/Frameworks/SecurityFoundation.framework/Versions/A/SecurityFoundation
0x0000000008c81000 	/System/Library/PrivateFrameworks/LanguageModeling.framework/Versions/A/LanguageModeling
0x0000000008c81000 	/usr/lib/libcmph.dylib
0x0000000008c81000 	/System/Library/Frameworks/ServiceManagement.framework/Versions/A/ServiceManagement
0x0000000008c81000 	/usr/lib/libxslt.1.dylib
0x0000000008c81000 	/System/Library/Frameworks/Carbon.framework/Versions/A/Frameworks/Ink.framework/Versions/A/Ink
0x0000000008c81000 	/System/Library/Frameworks/QuartzCore.framework/Versions/A/Frameworks/CoreImage.framework/Versions/A/CoreImage
0x0000000008c81000 	/System/Library/PrivateFrameworks/CrashReporterSupport.framework/Versions/A/CrashReporterSupport
0x0000000008c81000 	/System/Library/Frameworks/OpenCL.framework/Versions/A/OpenCL
0x0000000008c81000 	/System/Library/PrivateFrameworks/FaceCore.framework/Versions/A/FaceCore
0x0000000008c81000 	/System/Library/PrivateFrameworks/Ubiquity.framework/Versions/A/Ubiquity
0x0000000008c81000 	/System/Library/PrivateFrameworks/IconServices.framework/Versions/A/IconServices
0x0000000008c81000 	/System/Library/PrivateFrameworks/ChunkingLibrary.framework/Versions/A/ChunkingLibrary
0x0000000008c81000 	/System/Library/PrivateFrameworks/Apple80211.framework/Versions/A/Apple80211
0x0000000008c81000 	/System/Library/Frameworks/CoreWLAN.framework/Versions/A/CoreWLAN
0x0000000008c81000 	/System/Library/Frameworks/IOBluetooth.framework/Versions/A/IOBluetooth
0x0000000008c81000 	/System/Library/PrivateFrameworks/CoreWiFi.framework/Versions/A/CoreWiFi
0x0000000008c81000 	/System/Library/Frameworks/CoreBluetooth.framework/Versions/A/CoreBluetooth
0x0000000008c81000 	/System/Library/PrivateFrameworks/DebugSymbols.framework/Versions/A/DebugSymbols
0x0000000008c81000 	/System/Library/PrivateFrameworks/CoreSymbolication.framework/Versions/A/CoreSymbolication
0x0000000008c81000 	/System/Library/PrivateFrameworks/Symbolication.framework/Versions/A/Symbolication
0x0000000008c81000 	/System/Library/PrivateFrameworks/SpeechRecognitionCore.framework/Versions/A/SpeechRecognitionCore
0x0000000102400000 	/Library/Java/JavaVirtualMachines/jdk1.8.0_60.jdk/Contents/Home/jre/lib/server/libjvm.dylib
0x0000000008c81000 	/usr/lib/libstdc++.6.dylib
0x0000000101bce000 	/Library/Java/JavaVirtualMachines/jdk1.8.0_60.jdk/Contents/Home/jre/lib/libverify.dylib
0x000000010348c000 	/Library/Java/JavaVirtualMachines/jdk1.8.0_60.jdk/Contents/Home/jre/lib/libjava.dylib
0x00000001034c1000 	/Library/Java/JavaVirtualMachines/jdk1.8.0_60.jdk/Contents/Home/jre/lib/libjdwp.dylib
0x0000000101bdd000 	/Library/Java/JavaVirtualMachines/jdk1.8.0_60.jdk/Contents/Home/jre/lib/libnpt.dylib
0x0000000101bea000 	/Library/Java/JavaVirtualMachines/jdk1.8.0_60.jdk/Contents/Home/jre/lib/libzip.dylib
0x000000011ef18000 	/System/Library/Frameworks/JavaVM.framework/Frameworks/JavaRuntimeSupport.framework/JavaRuntimeSupport
0x000000011ef33000 	/System/Library/Frameworks/JavaVM.framework/Versions/A/Frameworks/JavaNativeFoundation.framework/Versions/A/JavaNativeFoundation
0x000000011ef48000 	/System/Library/Frameworks/JavaVM.framework/Versions/A/JavaVM
0x0000000008c81000 	/System/Library/Frameworks/Carbon.framework/Versions/A/Carbon
0x0000000101bf4000 	/System/Library/PrivateFrameworks/JavaLaunching.framework/Versions/A/JavaLaunching
0x0000000008c81000 	/System/Library/Frameworks/Carbon.framework/Versions/A/Frameworks/CommonPanels.framework/Versions/A/CommonPanels
0x0000000008c81000 	/System/Library/Frameworks/Carbon.framework/Versions/A/Frameworks/Help.framework/Versions/A/Help
0x0000000008c81000 	/System/Library/Frameworks/Carbon.framework/Versions/A/Frameworks/ImageCapture.framework/Versions/A/ImageCapture
0x0000000008c81000 	/System/Library/Frameworks/Carbon.framework/Versions/A/Frameworks/OpenScripting.framework/Versions/A/OpenScripting
0x0000000008c81000 	/System/Library/Frameworks/Carbon.framework/Versions/A/Frameworks/Print.framework/Versions/A/Print
0x0000000008c81000 	/System/Library/Frameworks/Carbon.framework/Versions/A/Frameworks/SecurityHI.framework/Versions/A/SecurityHI
0x000000011f061000 	/Library/Java/JavaVirtualMachines/jdk1.8.0_60.jdk/Contents/Home/jre/lib/libdt_socket.dylib
0x000000012134b000 	/Library/Java/JavaVirtualMachines/jdk1.8.0_60.jdk/Contents/Home/jre/lib/libawt.dylib
0x00000001213f3000 	/Library/Java/JavaVirtualMachines/jdk1.8.0_60.jdk/Contents/Home/jre/lib/./libmlib_image.dylib
0x00000001214bf000 	/Library/Java/JavaVirtualMachines/jdk1.8.0_60.jdk/Contents/Home/jre/lib/libawt_lwawt.dylib
0x0000000121574000 	/Library/Java/JavaVirtualMachines/jdk1.8.0_60.jdk/Contents/Home/jre/lib/./libosxapp.dylib
0x0000000008c81000 	/System/Library/Frameworks/ExceptionHandling.framework/Versions/A/ExceptionHandling
0x0000000008c81000 	/System/Library/PrivateFrameworks/CoreServicesInternal.framework/Versions/A/CoreServicesInternal
0x0000000008c81000 	/System/Library/PrivateFrameworks/CloudDocs.framework/Versions/A/CloudDocs
0x0000000008c81000 	/System/Library/PrivateFrameworks/CoreDuet.framework/Versions/A/CoreDuet
0x0000000008c81000 	/System/Library/Frameworks/CloudKit.framework/Versions/A/CloudKit
0x0000000008c81000 	/System/Library/PrivateFrameworks/ProtocolBuffer.framework/Versions/A/ProtocolBuffer
0x0000000008c81000 	/System/Library/PrivateFrameworks/CoreDuetDaemonProtocol.framework/Versions/A/CoreDuetDaemonProtocol
0x0000000008c81000 	/System/Library/PrivateFrameworks/CoreDuetDebugLogging.framework/Versions/A/CoreDuetDebugLogging
0x0000000008c81000 	/System/Library/PrivateFrameworks/MMCS.framework/Versions/A/MMCS
0x0000000008c81000 	/System/Library/Frameworks/CoreLocation.framework/Versions/A/CoreLocation
0x0000000008c81000 	/System/Library/PrivateFrameworks/ProtectedCloudStorage.framework/Versions/A/ProtectedCloudStorage
0x0000000008c81000 	/System/Library/PrivateFrameworks/GeoServices.framework/Versions/A/GeoServices
0x0000000008c81000 	/System/Library/Frameworks/CoreGraphics.framework/Versions/A/Resources/libCGCMS.A.dylib
0x0000000008c81000 	/System/Library/Frameworks/CoreGraphics.framework/Versions/A/Resources/libRIP.A.dylib
0x0000000008c81000 	/System/Library/Frameworks/CoreGraphics.framework/Versions/A/Resources/libCGXType.A.dylib
0x0000000008c81000 	/System/Library/Frameworks/OpenCL.framework/Versions/A/Libraries/libcldcpuengine.dylib
0x0000000008c81000 	/System/Library/PrivateFrameworks/DiskImages.framework/Versions/A/DiskImages
0x0000000008c81000 	/System/Library/Frameworks/DiscRecording.framework/Versions/A/DiscRecording
0x0000000008c81000 	/usr/lib/libcsfde.dylib
0x0000000008c81000 	/usr/lib/libcurl.4.dylib
0x0000000008c81000 	/System/Library/PrivateFrameworks/MediaKit.framework/Versions/A/MediaKit
0x0000000008c81000 	/usr/lib/libCoreStorage.dylib
0x0000000008c81000 	/System/Library/PrivateFrameworks/EFILogin.framework/Versions/A/EFILogin
0x0000000008c81000 	/usr/lib/libutil.dylib
0x0000000008c81000 	/System/Library/PrivateFrameworks/FindMyDevice.framework/Versions/A/FindMyDevice
0x0000000008c81000 	/System/Library/Frameworks/LDAP.framework/Versions/A/LDAP
0x0000000008c81000 	/usr/lib/libsasl2.2.dylib
0x0000000008c81000 	/System/Library/PrivateFrameworks/CoreDaemon.framework/Versions/B/CoreDaemon
0x0000000008c81000 	/usr/lib/libcrypto.0.9.8.dylib
0x0000000008c81000 	/System/Library/PrivateFrameworks/AppleSRP.framework/Versions/A/AppleSRP
0x0000000008c81000 	/System/Library/PrivateFrameworks/TrustEvaluationAgent.framework/Versions/A/TrustEvaluationAgent
0x00000001245b6000 	cl_kernels
0x00000001245b8000 	/System/Library/Frameworks/OpenCL.framework/Versions/A/Libraries/ImageFormats/unorm8_bgra.dylib
0x00000001245a7000 	cl_kernels
0x0000000008c81000 	/System/Library/PrivateFrameworks/FamilyControls.framework/Versions/A/FamilyControls
0x0000000008c81000 	/System/Library/PrivateFrameworks/CommerceKit.framework/Versions/A/Frameworks/CommerceCore.framework/Versions/A/CommerceCore
0x0000000008c81000 	/System/Library/PrivateFrameworks/SystemAdministration.framework/Versions/A/SystemAdministration
0x0000000008c81000 	/System/Library/PrivateFrameworks/AppContainer.framework/Versions/A/AppContainer
0x0000000008c81000 	/System/Library/PrivateFrameworks/SecCodeWrapper.framework/Versions/A/SecCodeWrapper
0x0000000008c81000 	/System/Library/Frameworks/DirectoryService.framework/Versions/A/DirectoryService
0x0000000008c81000 	/System/Library/PrivateFrameworks/LoginUIKit.framework/Versions/A/Frameworks/LoginUICore.framework/Versions/A/LoginUICore
0x0000000008c81000 	/usr/lib/libodfde.dylib
0x0000000008c81000 	/System/Library/Frameworks/OpenGL.framework/Versions/A/Resources/GLEngine.bundle/GLEngine
0x0000000008c81000 	/System/Library/Frameworks/OpenGL.framework/Versions/A/Libraries/libGLProgrammability.dylib
0x000000012587e000 	/System/Library/Extensions/AppleIntelHD4000GraphicsGLDriver.bundle/Contents/MacOS/AppleIntelHD4000GraphicsGLDriver
0x0000000008c81000 	/System/Library/PrivateFrameworks/IOAccelerator.framework/Versions/A/IOAccelerator
0x0000000008c81000 	/System/Library/PrivateFrameworks/GPUSupport.framework/Versions/A/Libraries/libGPUSupportMercury.dylib
0x0000000008c81000 	/System/Library/Frameworks/OpenGL.framework/Versions/A/Resources/GLRendererFloat.bundle/GLRendererFloat
0x0000000126864000 	/Library/Java/JavaVirtualMachines/jdk1.8.0_60.jdk/Contents/Home/jre/lib/libfontmanager.dylib
0x00000001268cb000 	/Library/Java/JavaVirtualMachines/jdk1.8.0_60.jdk/Contents/Home/jre/lib/libosxui.dylib
0x0000000128a36000 	/Library/Java/JavaVirtualMachines/jdk1.8.0_60.jdk/Contents/Home/jre/lib/libnet.dylib
0x000000012898f000 	/Library/Java/JavaVirtualMachines/jdk1.8.0_60.jdk/Contents/Home/jre/lib/libnio.dylib
0x0000000008c81000 	/System/Library/Frameworks/ApplicationServices.framework/Versions/A/Frameworks/ATS.framework/Versions/A/Resources/libTrueTypeScaler.dylib
0x00000001288bb000 	/Library/Java/JavaVirtualMachines/jdk1.8.0_60.jdk/Contents/Home/jre/lib/libdcpr.dylib
0x0000000008c81000 	/System/Library/PrivateFrameworks/Shortcut.framework/Versions/A/Shortcut
0x0000000008c81000 	/System/Library/PrivateFrameworks/HelpData.framework/Versions/A/HelpData
0x0000000008c81000 	/usr/lib/libtidy.A.dylib
0x0000000128270000 	cl_kernels
0x0000000128933000 	cl_kernels
0x0000000008c81000 	/System/Library/PrivateFrameworks/FinderKit.framework/Versions/A/FinderKit
0x0000000008c81000 	/System/Library/PrivateFrameworks/Suggestions.framework/Versions/A/Suggestions
0x0000000008c81000 	/System/Library/Frameworks/Quartz.framework/Versions/A/Frameworks/QuickLookUI.framework/Versions/A/QuickLookUI
0x0000000008c81000 	/System/Library/Frameworks/Quartz.framework/Versions/A/Frameworks/ImageKit.framework/Versions/A/ImageKit
0x0000000008c81000 	/System/Library/PrivateFrameworks/Bom.framework/Versions/A/Bom
0x0000000008c81000 	/System/Library/Frameworks/QuickLook.framework/Versions/A/QuickLook
0x0000000008c81000 	/System/Library/PrivateFrameworks/AppleSystemInfo.framework/Versions/A/AppleSystemInfo
0x0000000008c81000 	/System/Library/Frameworks/ImageCaptureCore.framework/Versions/A/ImageCaptureCore
0x0000000008c81000 	/System/Library/Frameworks/AddressBook.framework/Versions/A/AddressBook
0x0000000008c81000 	/System/Library/PrivateFrameworks/IntlPreferences.framework/Versions/A/IntlPreferences
0x0000000008c81000 	/System/Library/PrivateFrameworks/ToneLibrary.framework/Versions/A/ToneLibrary
0x0000000008c81000 	/System/Library/PrivateFrameworks/ToneKit.framework/Versions/A/ToneKit
0x0000000008c81000 	/System/Library/PrivateFrameworks/vCard.framework/Versions/A/vCard
0x0000000008c81000 	/System/Library/PrivateFrameworks/ApplePushService.framework/Versions/A/ApplePushService
0x0000000008c81000 	/System/Library/PrivateFrameworks/ContactsData.framework/Versions/A/ContactsData
0x0000000008c81000 	/System/Library/PrivateFrameworks/ContactsFoundation.framework/Versions/A/ContactsFoundation
0x0000000008c81000 	/System/Library/Frameworks/SecurityInterface.framework/Versions/A/SecurityInterface
0x0000000008c81000 	/System/Library/PrivateFrameworks/PhoneNumbers.framework/Versions/A/PhoneNumbers
0x0000000008c81000 	/System/Library/Frameworks/Quartz.framework/Versions/A/Quartz
0x0000000008c81000 	/System/Library/Frameworks/AVFoundation.framework/Versions/A/AVFoundation
0x0000000008c81000 	/System/Library/Frameworks/AVFoundation.framework/Versions/A/Resources/libAVFAudio.dylib
0x0000000008c81000 	/System/Library/Frameworks/CoreMedia.framework/Versions/A/CoreMedia
0x0000000008c81000 	/System/Library/Frameworks/MediaToolbox.framework/Versions/A/MediaToolbox
0x0000000008c81000 	/System/Library/Frameworks/VideoToolbox.framework/Versions/A/VideoToolbox
0x0000000008c81000 	/System/Library/Frameworks/CoreMediaIO.framework/Versions/A/CoreMediaIO
0x0000000008c81000 	/System/Library/PrivateFrameworks/MediaControlSender.framework/Versions/A/MediaControlSender
0x0000000008c81000 	/System/Library/PrivateFrameworks/CoreAVCHD.framework/Versions/A/CoreAVCHD
0x0000000008c81000 	/System/Library/Frameworks/MediaAccessibility.framework/Versions/A/MediaAccessibility
0x0000000008c81000 	/System/Library/PrivateFrameworks/Mangrove.framework/Versions/A/Mangrove
0x0000000008c81000 	/System/Library/PrivateFrameworks/CoreAUC.framework/Versions/A/CoreAUC
0x0000000008c81000 	/System/Library/PrivateFrameworks/NetworkStatistics.framework/Versions/A/NetworkStatistics
0x0000000008c81000 	/System/Library/PrivateFrameworks/AirPlaySupport.framework/Versions/A/AirPlaySupport
0x0000000008c81000 	/System/Library/PrivateFrameworks/CoreUtils.framework/Versions/A/CoreUtils
0x0000000008c81000 	/System/Library/PrivateFrameworks/AppleVA.framework/Versions/A/AppleVA
0x0000000008c81000 	/System/Library/PrivateFrameworks/XPCService.framework/Versions/A/XPCService
0x0000000008c81000 	/System/Library/PrivateFrameworks/AppSandbox.framework/Versions/A/AppSandbox
0x0000000008c81000 	/usr/lib/libsandbox.1.dylib
0x0000000008c81000 	/usr/lib/libMatch.1.dylib
0x0000000008c81000 	/System/Library/PrivateFrameworks/SafariServices.framework/Versions/A/SafariServices
0x0000000008c81000 	/usr/lib/libspindump.dylib
0x0000000008c81000 	/System/Library/Frameworks/QTKit.framework/Versions/A/QTKit
0x0000000008c81000 	/System/Library/PrivateFrameworks/ViewBridge.framework/Versions/A/ViewBridge
0x0000000008c81000 	/System/Library/PrivateFrameworks/CoreMediaAuthoring.framework/Versions/A/CoreMediaAuthoring
0x0000000008c81000 	/System/Library/Frameworks/Quartz.framework/Versions/A/Frameworks/QuartzComposer.framework/Versions/A/QuartzComposer
0x0000000008c81000 	/System/Library/Frameworks/Quartz.framework/Versions/A/Frameworks/PDFKit.framework/Versions/A/PDFKit
0x0000000008c81000 	/System/Library/Frameworks/Quartz.framework/Versions/A/Frameworks/QuartzFilters.framework/Versions/A/QuartzFilters
0x0000000008c81000 	/System/Library/Frameworks/JavaScriptCore.framework/Versions/A/JavaScriptCore
0x0000000008c81000 	/System/Library/PrivateFrameworks/CorePDF.framework/Versions/A/CorePDF
0x0000000008c81000 	/System/Library/PrivateFrameworks/DisplayServices.framework/Versions/A/DisplayServices
0x0000000008c81000 	/System/Library/PrivateFrameworks/AppleFSCompression.framework/Versions/A/AppleFSCompression
0x0000000188198000 	/System/Library/PrivateFrameworks/CacheDelete.framework/CacheDelete
0x0000000008c81000 	/System/Library/PrivateFrameworks/PlugInKit.framework/Versions/A/PlugInKit
0x0000000008c81000 	/System/Library/CoreServices/RawCamera.bundle/Contents/MacOS/RawCamera
0x0000000189c6f000 	/System/Library/Frameworks/OpenCL.framework/Versions/A/Libraries/ImageFormats/unorm8_rgba.dylib
0x0000000189fc3000 	cl_kernels
0x0000000008c81000 	/System/Library/Frameworks/Accelerate.framework/Versions/A/Frameworks/vImage.framework/Versions/A/Libraries/libCGInterfaces.dylib

VM Arguments:
jvm_args: -agentlib:jdwp=transport=dt_socket,suspend=y,address=localhost:62911 -Xmx4500M -Dfile.encoding=MacRoman 
java_command: ij.ImageJ -remote /Volumes/GLOWORM_DATA/APPONLY
java_class_path (initial): /Users/wmohler/Documents/EclipseWorkspace/GLOWormJviaperlSVN/plugins:/Users/wmohler/Documents/EclipseWorkspace/GLOWormJviaperlSVN/precompiled-mpicbg_.jar:/Users/wmohler/Documents/EclipseWorkspace/GLOWormJviaperlSVN/precompiled-mpicbg.jar:/Users/wmohler/Documents/EclipseWorkspace/GLOWormJviaperlSVN/jdom.jar:/Users/wmohler/Documents/EclipseWorkspace/GLOWormJviaperlSVN/SmartCapture_VLite.jar:/Users/wmohler/Documents/EclipseWorkspace/GLOWormJviaperlSVN/Volume_Viewer.jar:/Users/wmohler/Documents/EclipseWorkspace/GLOWormJviaperlSVN/commons-net-3.3.jar:/Users/wmohler/Documents/EclipseWorkspace/GLOWormJviaperlSVN/javaws.jar:/Users/wmohler/Documents/EclipseWorkspace/GLOWormJviaperlSVN/QTJava.zip:/Users/wmohler/Documents/EclipseWorkspace/GLOWormJviaperlSVN/jogamp-all-platforms/jar/jocl-android.jar:/Users/wmohler/Documents/EclipseWorkspace/GLOWormJviaperlSVN/jogamp-all-platforms/jar/jocl-test-android.jar:/Users/wmohler/Documents/EclipseWorkspace/GLOWormJviaperlSVN/jogamp-all-platforms/jar/jocl-test.jar:/Users/wmohler/Documents/EclipseWorkspace/GLOWormJviaperlSVN/jogamp-all-platforms/jar/jocl.jar:/Users/wmohler/Documents/EclipseWorkspace/GLOWormJviaperlSVN/jogamp-all-platforms/jar/jogl-test-android.jar:/Users/wmohler/Documents/EclipseWorkspace/GLOWormJviaperlSVN/jogamp-all-platforms/jar/jogl-test.jar:/Users/wmohler/Documents/EclipseWorkspace/GLOWormJviaperlSVN/jogamp-all-platforms/jar/jogl-all-noawt.jar:/Users/wmohler/Documents/EclipseWorkspace/GLOWormJviaperlSVN/jogamp-all-platforms/jar/jogl-all.jar:/Users/wmohler/Documents/EclipseWorkspace/GLOWormJviaperlSVN/jogamp-all-platforms/jar/jogl-all-mobile.jar:/Users/wmohler/Documents/EclipseWorkspace/GLOWormJviaperlSVN/jogamp-all-platforms/jar/jogl-all-android.jar:/Users/wmohler/Documents/EclipseWorkspace/GLOWormJviaperlSVN/jogamp-all-platforms/jar/joal-android.jar:/Users/wmohler/Documents/EclipseWorkspace/GLOWormJviaperlSVN/jogamp-all-platforms/jar/joal-test-android.jar:/Users/wmohler/Documents/EclipseW
Launcher Type: SUN_STANDARD

Environment Variables:
PATH=/usr/bin:/bin:/usr/sbin:/sbin
SHELL=/bin/bash

Signal Handlers:
SIGSEGV: [libjvm.dylib+0x5a6d31], sa_mask[0]=11111111011111110111111111111111, sa_flags=SA_ONSTACK|SA_RESTART|SA_SIGINFO
SIGBUS: [libjvm.dylib+0x5a6d31], sa_mask[0]=11111111011111110111111111111111, sa_flags=SA_RESTART|SA_SIGINFO
SIGFPE: [libjvm.dylib+0x480a4c], sa_mask[0]=11111111011111110111111111111111, sa_flags=SA_RESTART|SA_SIGINFO
SIGPIPE: [libjvm.dylib+0x480a4c], sa_mask[0]=11111111011111110111111111111111, sa_flags=SA_RESTART|SA_SIGINFO
SIGXFSZ: [libjvm.dylib+0x480a4c], sa_mask[0]=11111111011111110111111111111111, sa_flags=SA_RESTART|SA_SIGINFO
SIGILL: [libjvm.dylib+0x480a4c], sa_mask[0]=11111111011111110111111111111111, sa_flags=SA_RESTART|SA_SIGINFO
SIGUSR1: SIG_DFL, sa_mask[0]=00000000000000000000000000000000, sa_flags=none
SIGUSR2: [libjvm.dylib+0x48056a], sa_mask[0]=00100000000000000000000000000000, sa_flags=SA_RESTART|SA_SIGINFO
SIGHUP: [libjvm.dylib+0x47eb41], sa_mask[0]=11111111011111110111111111111111, sa_flags=SA_RESTART|SA_SIGINFO
SIGINT: [libjvm.dylib+0x47eb41], sa_mask[0]=11111111011111110111111111111111, sa_flags=SA_RESTART|SA_SIGINFO
SIGTERM: [libjvm.dylib+0x47eb41], sa_mask[0]=11111111011111110111111111111111, sa_flags=SA_RESTART|SA_SIGINFO
SIGQUIT: [libjvm.dylib+0x47eb41], sa_mask[0]=11111111011111110111111111111111, sa_flags=SA_RESTART|SA_SIGINFO


---------------  S Y S T E M  ---------------

OS:Bsduname:Darwin 14.5.0 Darwin Kernel Version 14.5.0: Wed Jul 29 02:26:53 PDT 2015; root:xnu-2782.40.9~1/RELEASE_X86_64 x86_64
rlimit: STACK 8192k, CORE 0k, NPROC 709, NOFILE 10240, AS infinity
load average:3.25 2.53 2.65

CPU:total 4 (2 cores per cpu, 2 threads per core) family 6 model 58 stepping 9, cmov, cx8, fxsr, mmx, sse, sse2, sse3, ssse3, sse4.1, sse4.2, popcnt, avx, aes, clmul, erms, ht, tsc, tscinvbit, tscinv

Memory: 4k page, physical 16777216k(20440k free)

/proc/meminfo:


vm_info: Java HotSpot(TM) 64-Bit Server VM (25.60-b23) for bsd-amd64 JRE (1.8.0_60-b27), built on Aug  4 2015 10:47:24 by "java_re" with gcc 4.2.1 (Based on Apple Inc. build 5658) (LLVM build 2336.11.00)

time: Fri Oct 20 10:02:40 2017
elapsed time: 93 seconds (0d 0h 1m 33s)

